{"/home/felipe/Jobs/apps/server-maestro/app/core/libs/db_run.js":{"path":"/home/felipe/Jobs/apps/server-maestro/app/core/libs/db_run.js","s":{"1":1,"2":1,"3":9,"4":0},"b":{},"f":{"1":9,"2":0},"fnMap":{"1":{"name":"run","line":8,"loc":{"start":{"line":8,"column":18},"end":{"line":8,"column":36}}},"2":{"name":"(anonymous_2)","line":9,"loc":{"start":{"line":9,"column":17},"end":{"line":9,"column":32}}}},"statementMap":{"1":{"start":{"line":3,"column":0},"end":{"line":3,"column":25}},"2":{"start":{"line":8,"column":0},"end":{"line":12,"column":2}},"3":{"start":{"line":9,"column":4},"end":{"line":11,"column":7}},"4":{"start":{"line":10,"column":8},"end":{"line":10,"column":33}}},"branchMap":{}},"/home/felipe/Jobs/apps/server-maestro/app/core/entities/accessRole.js":{"path":"/home/felipe/Jobs/apps/server-maestro/app/core/entities/accessRole.js","s":{"1":1,"2":1,"3":1},"b":{},"f":{},"fnMap":{},"statementMap":{"1":{"start":{"line":3,"column":0},"end":{"line":3,"column":30}},"2":{"start":{"line":5,"column":0},"end":{"line":5,"column":31}},"3":{"start":{"line":7,"column":0},"end":{"line":7,"column":29}}},"branchMap":{}},"/home/felipe/Jobs/apps/server-maestro/app/core/applications/accessApplication.js":{"path":"/home/felipe/Jobs/apps/server-maestro/app/core/applications/accessApplication.js","s":{"1":1,"2":1,"3":1,"4":10,"5":9,"6":8,"7":8,"8":0,"9":14,"10":7,"11":7,"12":6,"13":7,"14":6,"15":0,"16":1},"b":{},"f":{"1":0,"2":6,"3":0},"fnMap":{"1":{"name":"(anonymous_1)","line":19,"loc":{"start":{"line":19,"column":23},"end":{"line":19,"column":36}}},"2":{"name":"(anonymous_2)","line":32,"loc":{"start":{"line":32,"column":23},"end":{"line":32,"column":36}}},"3":{"name":"(anonymous_3)","line":42,"loc":{"start":{"line":42,"column":23},"end":{"line":42,"column":36}}}},"statementMap":{"1":{"start":{"line":3,"column":0},"end":{"line":3,"column":64}},"2":{"start":{"line":5,"column":0},"end":{"line":5,"column":82}},"3":{"start":{"line":7,"column":0},"end":{"line":48,"column":2}},"4":{"start":{"line":9,"column":4},"end":{"line":47,"column":6}},"5":{"start":{"line":13,"column":12},"end":{"line":21,"column":19}},"6":{"start":{"line":16,"column":20},"end":{"line":16,"column":91}},"7":{"start":{"line":18,"column":27},"end":{"line":18,"column":50}},"8":{"start":{"line":20,"column":20},"end":{"line":20,"column":28}},"9":{"start":{"line":26,"column":12},"end":{"line":34,"column":19}},"10":{"start":{"line":29,"column":20},"end":{"line":29,"column":91}},"11":{"start":{"line":31,"column":27},"end":{"line":31,"column":50}},"12":{"start":{"line":33,"column":20},"end":{"line":33,"column":28}},"13":{"start":{"line":39,"column":12},"end":{"line":44,"column":19}},"14":{"start":{"line":41,"column":27},"end":{"line":41,"column":50}},"15":{"start":{"line":43,"column":20},"end":{"line":43,"column":28}},"16":{"start":{"line":50,"column":0},"end":{"line":50,"column":27}}},"branchMap":{}},"/home/felipe/Jobs/apps/server-maestro/app/core/services/AccessServices.js":{"path":"/home/felipe/Jobs/apps/server-maestro/app/core/services/AccessServices.js","s":{"1":1,"2":1,"3":1,"4":1,"5":1,"6":1,"7":1,"8":1,"9":1,"10":1,"11":43,"12":43,"13":21,"14":21,"15":15,"16":15,"17":15,"18":15,"19":15,"20":8,"21":8,"22":8,"23":8,"24":8,"25":14,"26":14,"27":14,"28":14,"29":1},"b":{"1":[15,0]},"f":{"1":21,"2":8,"3":14},"fnMap":{"1":{"name":"(anonymous_1)","line":21,"loc":{"start":{"line":21,"column":17},"end":{"line":21,"column":36}}},"2":{"name":"(anonymous_2)","line":46,"loc":{"start":{"line":46,"column":20},"end":{"line":46,"column":46}}},"3":{"name":"(anonymous_3)","line":61,"loc":{"start":{"line":61,"column":20},"end":{"line":61,"column":39}}}},"statementMap":{"1":{"start":{"line":3,"column":0},"end":{"line":3,"column":28}},"2":{"start":{"line":4,"column":0},"end":{"line":4,"column":40}},"3":{"start":{"line":5,"column":0},"end":{"line":5,"column":49}},"4":{"start":{"line":7,"column":0},"end":{"line":7,"column":70}},"5":{"start":{"line":8,"column":0},"end":{"line":8,"column":63}},"6":{"start":{"line":9,"column":0},"end":{"line":9,"column":71}},"7":{"start":{"line":11,"column":0},"end":{"line":11,"column":74}},"8":{"start":{"line":13,"column":0},"end":{"line":13,"column":55}},"9":{"start":{"line":14,"column":0},"end":{"line":14,"column":59}},"10":{"start":{"line":16,"column":0},"end":{"line":78,"column":2}},"11":{"start":{"line":18,"column":4},"end":{"line":18,"column":53}},"12":{"start":{"line":20,"column":4},"end":{"line":76,"column":6}},"13":{"start":{"line":23,"column":12},"end":{"line":42,"column":15}},"14":{"start":{"line":25,"column":16},"end":{"line":25,"column":55}},"15":{"start":{"line":27,"column":16},"end":{"line":27,"column":32}},"16":{"start":{"line":28,"column":16},"end":{"line":34,"column":18}},"17":{"start":{"line":37,"column":16},"end":{"line":37,"column":97}},"18":{"start":{"line":38,"column":16},"end":{"line":38,"column":96}},"19":{"start":{"line":40,"column":16},"end":{"line":41,"column":70}},"20":{"start":{"line":48,"column":12},"end":{"line":58,"column":15}},"21":{"start":{"line":50,"column":16},"end":{"line":50,"column":56}},"22":{"start":{"line":52,"column":16},"end":{"line":57,"column":23}},"23":{"start":{"line":54,"column":24},"end":{"line":54,"column":57}},"24":{"start":{"line":56,"column":24},"end":{"line":56,"column":82}},"25":{"start":{"line":63,"column":12},"end":{"line":74,"column":15}},"26":{"start":{"line":64,"column":16},"end":{"line":64,"column":99}},"27":{"start":{"line":66,"column":16},"end":{"line":70,"column":18}},"28":{"start":{"line":72,"column":16},"end":{"line":73,"column":61}},"29":{"start":{"line":80,"column":0},"end":{"line":80,"column":32}}},"branchMap":{"1":{"line":30,"type":"binary-expr","locations":[{"start":{"line":30,"column":26},"end":{"line":30,"column":35}},{"start":{"line":30,"column":39},"end":{"line":30,"column":46}}]}}},"/home/felipe/Jobs/apps/server-maestro/app/core/repositories/DBRepository.js":{"path":"/home/felipe/Jobs/apps/server-maestro/app/core/repositories/DBRepository.js","s":{"1":1,"2":1,"3":1,"4":1,"5":1,"6":1,"7":1,"8":1,"9":449,"10":449,"11":38,"12":38,"13":38,"14":38,"15":51,"16":289,"17":289,"18":289,"19":289,"20":271,"21":289,"22":38,"23":38,"24":38,"25":20,"26":20,"27":20,"28":13,"29":13,"30":12,"31":15,"32":15,"33":15,"34":15,"35":15,"36":14,"37":14,"38":14,"39":14,"40":14,"41":36,"42":36,"43":36,"44":30,"45":30,"46":11,"47":11,"48":11,"49":11,"50":1},"b":{"1":[271,18]},"f":{"1":38,"2":289,"3":38,"4":20,"5":15,"6":14,"7":36,"8":11},"fnMap":{"1":{"name":"(anonymous_1)","line":20,"loc":{"start":{"line":20,"column":13},"end":{"line":20,"column":80}}},"2":{"name":"(anonymous_2)","line":37,"loc":{"start":{"line":37,"column":15},"end":{"line":37,"column":55}}},"3":{"name":"(anonymous_3)","line":54,"loc":{"start":{"line":54,"column":14},"end":{"line":54,"column":51}}},"4":{"name":"(anonymous_4)","line":63,"loc":{"start":{"line":63,"column":14},"end":{"line":63,"column":51}}},"5":{"name":"(anonymous_5)","line":83,"loc":{"start":{"line":83,"column":26},"end":{"line":83,"column":63}}},"6":{"name":"(anonymous_6)","line":102,"loc":{"start":{"line":102,"column":20},"end":{"line":102,"column":57}}},"7":{"name":"(anonymous_7)","line":121,"loc":{"start":{"line":121,"column":14},"end":{"line":121,"column":21}}},"8":{"name":"(anonymous_8)","line":138,"loc":{"start":{"line":138,"column":14},"end":{"line":138,"column":23}}}},"statementMap":{"1":{"start":{"line":3,"column":0},"end":{"line":3,"column":28}},"2":{"start":{"line":5,"column":0},"end":{"line":5,"column":42}},"3":{"start":{"line":6,"column":0},"end":{"line":6,"column":63}},"4":{"start":{"line":8,"column":0},"end":{"line":8,"column":66}},"5":{"start":{"line":9,"column":0},"end":{"line":9,"column":61}},"6":{"start":{"line":11,"column":0},"end":{"line":11,"column":69}},"7":{"start":{"line":12,"column":0},"end":{"line":12,"column":55}},"8":{"start":{"line":15,"column":0},"end":{"line":153,"column":2}},"9":{"start":{"line":17,"column":4},"end":{"line":17,"column":27}},"10":{"start":{"line":19,"column":4},"end":{"line":151,"column":6}},"11":{"start":{"line":22,"column":12},"end":{"line":34,"column":15}},"12":{"start":{"line":23,"column":16},"end":{"line":23,"column":67}},"13":{"start":{"line":25,"column":16},"end":{"line":33,"column":23}},"14":{"start":{"line":32,"column":24},"end":{"line":32,"column":65}},"15":{"start":{"line":32,"column":52},"end":{"line":32,"column":63}},"16":{"start":{"line":39,"column":12},"end":{"line":50,"column":15}},"17":{"start":{"line":40,"column":16},"end":{"line":40,"column":59}},"18":{"start":{"line":42,"column":16},"end":{"line":49,"column":23}},"19":{"start":{"line":45,"column":24},"end":{"line":46,"column":40}},"20":{"start":{"line":46,"column":28},"end":{"line":46,"column":40}},"21":{"start":{"line":48,"column":24},"end":{"line":48,"column":52}},"22":{"start":{"line":55,"column":12},"end":{"line":60,"column":15}},"23":{"start":{"line":57,"column":16},"end":{"line":57,"column":58}},"24":{"start":{"line":59,"column":16},"end":{"line":59,"column":41}},"25":{"start":{"line":65,"column":12},"end":{"line":79,"column":15}},"26":{"start":{"line":67,"column":16},"end":{"line":67,"column":52}},"27":{"start":{"line":68,"column":16},"end":{"line":68,"column":61}},"28":{"start":{"line":70,"column":16},"end":{"line":77,"column":23}},"29":{"start":{"line":73,"column":24},"end":{"line":73,"column":53}},"30":{"start":{"line":76,"column":24},"end":{"line":76,"column":65}},"31":{"start":{"line":85,"column":12},"end":{"line":98,"column":15}},"32":{"start":{"line":87,"column":16},"end":{"line":87,"column":42}},"33":{"start":{"line":89,"column":16},"end":{"line":96,"column":23}},"34":{"start":{"line":92,"column":24},"end":{"line":92,"column":53}},"35":{"start":{"line":95,"column":24},"end":{"line":95,"column":65}},"36":{"start":{"line":104,"column":12},"end":{"line":117,"column":15}},"37":{"start":{"line":106,"column":16},"end":{"line":106,"column":42}},"38":{"start":{"line":108,"column":16},"end":{"line":115,"column":23}},"39":{"start":{"line":111,"column":24},"end":{"line":111,"column":53}},"40":{"start":{"line":114,"column":24},"end":{"line":114,"column":65}},"41":{"start":{"line":123,"column":12},"end":{"line":134,"column":15}},"42":{"start":{"line":125,"column":16},"end":{"line":125,"column":61}},"43":{"start":{"line":126,"column":16},"end":{"line":126,"column":61}},"44":{"start":{"line":128,"column":16},"end":{"line":132,"column":23}},"45":{"start":{"line":131,"column":24},"end":{"line":131,"column":65}},"46":{"start":{"line":140,"column":12},"end":{"line":149,"column":15}},"47":{"start":{"line":141,"column":16},"end":{"line":141,"column":57}},"48":{"start":{"line":143,"column":16},"end":{"line":147,"column":23}},"49":{"start":{"line":146,"column":24},"end":{"line":146,"column":53}},"50":{"start":{"line":156,"column":0},"end":{"line":156,"column":30}}},"branchMap":{"1":{"line":45,"type":"if","locations":[{"start":{"line":45,"column":24},"end":{"line":45,"column":24}},{"start":{"line":45,"column":24},"end":{"line":45,"column":24}}]}}},"/home/felipe/Jobs/apps/server-maestro/app/core/repositories/daos/DBConnector.js":{"path":"/home/felipe/Jobs/apps/server-maestro/app/core/repositories/daos/DBConnector.js","s":{"1":1,"2":1,"3":1,"4":405,"5":405,"6":83,"7":13,"8":0,"9":13,"10":24,"11":24,"12":15,"13":14,"14":53,"15":53,"16":53,"17":53,"18":1,"19":449,"20":395,"21":449},"b":{"1":[13,70]},"f":{"1":405,"2":83,"3":0,"4":13,"5":24,"6":15,"7":14,"8":53,"9":449},"fnMap":{"1":{"name":"(anonymous_1)","line":11,"loc":{"start":{"line":11,"column":14},"end":{"line":11,"column":17}}},"2":{"name":"(anonymous_2)","line":19,"loc":{"start":{"line":19,"column":13},"end":{"line":19,"column":16}}},"3":{"name":"(anonymous_3)","line":24,"loc":{"start":{"line":24,"column":20},"end":{"line":24,"column":30}}},"4":{"name":"(anonymous_4)","line":28,"loc":{"start":{"line":28,"column":13},"end":{"line":28,"column":22}}},"5":{"name":"(anonymous_5)","line":38,"loc":{"start":{"line":38,"column":19},"end":{"line":38,"column":28}}},"6":{"name":"(anonymous_6)","line":44,"loc":{"start":{"line":44,"column":22},"end":{"line":44,"column":31}}},"7":{"name":"(anonymous_7)","line":49,"loc":{"start":{"line":49,"column":16},"end":{"line":49,"column":25}}},"8":{"name":"(anonymous_8)","line":53,"loc":{"start":{"line":53,"column":17},"end":{"line":53,"column":42}}},"9":{"name":"(anonymous_9)","line":76,"loc":{"start":{"line":76,"column":17},"end":{"line":76,"column":35}}}},"statementMap":{"1":{"start":{"line":3,"column":0},"end":{"line":3,"column":37}},"2":{"start":{"line":5,"column":0},"end":{"line":5,"column":33}},"3":{"start":{"line":6,"column":0},"end":{"line":6,"column":43}},"4":{"start":{"line":12,"column":8},"end":{"line":12,"column":26}},"5":{"start":{"line":13,"column":8},"end":{"line":13,"column":40}},"6":{"start":{"line":20,"column":8},"end":{"line":21,"column":70}},"7":{"start":{"line":21,"column":12},"end":{"line":21,"column":70}},"8":{"start":{"line":25,"column":8},"end":{"line":25,"column":65}},"9":{"start":{"line":29,"column":8},"end":{"line":29,"column":63}},"10":{"start":{"line":39,"column":8},"end":{"line":39,"column":43}},"11":{"start":{"line":41,"column":8},"end":{"line":41,"column":50}},"12":{"start":{"line":46,"column":8},"end":{"line":46,"column":55}},"13":{"start":{"line":50,"column":8},"end":{"line":50,"column":51}},"14":{"start":{"line":55,"column":8},"end":{"line":65,"column":26}},"15":{"start":{"line":57,"column":16},"end":{"line":57,"column":67}},"16":{"start":{"line":60,"column":16},"end":{"line":60,"column":72}},"17":{"start":{"line":63,"column":16},"end":{"line":63,"column":49}},"18":{"start":{"line":76,"column":0},"end":{"line":81,"column":2}},"19":{"start":{"line":78,"column":4},"end":{"line":78,"column":49}},"20":{"start":{"line":78,"column":37},"end":{"line":78,"column":48}},"21":{"start":{"line":80,"column":4},"end":{"line":80,"column":15}}},"branchMap":{"1":{"line":20,"type":"if","locations":[{"start":{"line":20,"column":8},"end":{"line":20,"column":8}},{"start":{"line":20,"column":8},"end":{"line":20,"column":8}}]}}},"/home/felipe/Jobs/apps/server-maestro/app/core/libs/crypto.js":{"path":"/home/felipe/Jobs/apps/server-maestro/app/core/libs/crypto.js","s":{"1":1,"2":1,"3":1,"4":1,"5":1,"6":13,"7":1,"8":1,"9":2,"10":2,"11":2,"12":2,"13":1,"14":1,"15":1,"16":1,"17":1},"b":{"1":[1,1]},"f":{"1":1,"2":13,"3":2,"4":1},"fnMap":{"1":{"name":"(anonymous_1)","line":11,"loc":{"start":{"line":11,"column":22},"end":{"line":11,"column":33}}},"2":{"name":"(anonymous_2)","line":13,"loc":{"start":{"line":13,"column":25},"end":{"line":13,"column":36}}},"3":{"name":"(anonymous_3)","line":20,"loc":{"start":{"line":20,"column":25},"end":{"line":20,"column":39}}},"4":{"name":"(anonymous_4)","line":27,"loc":{"start":{"line":27,"column":25},"end":{"line":27,"column":39}}}},"statementMap":{"1":{"start":{"line":7,"column":0},"end":{"line":7,"column":33}},"2":{"start":{"line":9,"column":0},"end":{"line":9,"column":64}},"3":{"start":{"line":11,"column":0},"end":{"line":16,"column":2}},"4":{"start":{"line":12,"column":4},"end":{"line":12,"column":23}},"5":{"start":{"line":13,"column":4},"end":{"line":15,"column":6}},"6":{"start":{"line":14,"column":8},"end":{"line":14,"column":26}},"7":{"start":{"line":18,"column":0},"end":{"line":18,"column":37}},"8":{"start":{"line":20,"column":0},"end":{"line":25,"column":2}},"9":{"start":{"line":21,"column":4},"end":{"line":21,"column":60}},"10":{"start":{"line":22,"column":4},"end":{"line":22,"column":51}},"11":{"start":{"line":23,"column":4},"end":{"line":23,"column":35}},"12":{"start":{"line":24,"column":4},"end":{"line":24,"column":19}},"13":{"start":{"line":27,"column":0},"end":{"line":32,"column":2}},"14":{"start":{"line":28,"column":4},"end":{"line":28,"column":64}},"15":{"start":{"line":29,"column":4},"end":{"line":29,"column":49}},"16":{"start":{"line":30,"column":4},"end":{"line":30,"column":34}},"17":{"start":{"line":31,"column":4},"end":{"line":31,"column":15}}},"branchMap":{"1":{"line":9,"type":"binary-expr","locations":[{"start":{"line":9,"column":15},"end":{"line":9,"column":47}},{"start":{"line":9,"column":51},"end":{"line":9,"column":63}}]}}},"/home/felipe/Jobs/apps/server-maestro/app/core/libs/factoryPromisefy.js":{"path":"/home/felipe/Jobs/apps/server-maestro/app/core/libs/factoryPromisefy.js","s":{"1":1,"2":731,"3":731,"4":682,"5":27},"b":{},"f":{},"fnMap":{},"statementMap":{"1":{"start":{"line":3,"column":0},"end":{"line":17,"column":2}},"2":{"start":{"line":5,"column":4},"end":{"line":15,"column":7}},"3":{"start":{"line":7,"column":8},"end":{"line":13,"column":15}},"4":{"start":{"line":9,"column":16},"end":{"line":9,"column":27}},"5":{"start":{"line":12,"column":16},"end":{"line":12,"column":28}}},"branchMap":{}},"/home/felipe/Jobs/apps/server-maestro/app/core/repositories/transforms/findFilledFormat.js":{"path":"/home/felipe/Jobs/apps/server-maestro/app/core/repositories/transforms/findFilledFormat.js","s":{"1":1,"2":1,"3":1,"4":134,"5":134,"6":134},"b":{},"f":{},"fnMap":{},"statementMap":{"1":{"start":{"line":3,"column":0},"end":{"line":3,"column":28}},"2":{"start":{"line":4,"column":0},"end":{"line":4,"column":50}},"3":{"start":{"line":6,"column":0},"end":{"line":11,"column":2}},"4":{"start":{"line":7,"column":4},"end":{"line":7,"column":38}},"5":{"start":{"line":8,"column":4},"end":{"line":8,"column":48}},"6":{"start":{"line":10,"column":4},"end":{"line":10,"column":19}}},"branchMap":{}},"/home/felipe/Jobs/apps/server-maestro/app/core/repositories/transforms/activeFormat.js":{"path":"/home/felipe/Jobs/apps/server-maestro/app/core/repositories/transforms/activeFormat.js","s":{"1":1,"2":425,"3":13},"b":{},"f":{"1":425,"2":13},"fnMap":{"1":{"name":"(anonymous_1)","line":5,"loc":{"start":{"line":5,"column":11},"end":{"line":5,"column":14}}},"2":{"name":"(anonymous_2)","line":9,"loc":{"start":{"line":9,"column":14},"end":{"line":9,"column":17}}}},"statementMap":{"1":{"start":{"line":3,"column":0},"end":{"line":12,"column":2}},"2":{"start":{"line":6,"column":8},"end":{"line":6,"column":30}},"3":{"start":{"line":10,"column":8},"end":{"line":10,"column":31}}},"branchMap":{}},"/home/felipe/Jobs/apps/server-maestro/app/core/repositories/validator/validAccessUpdater.js":{"path":"/home/felipe/Jobs/apps/server-maestro/app/core/repositories/validator/validAccessUpdater.js","s":{"1":1,"2":1,"3":55,"4":55,"5":4,"6":51},"b":{"1":[4,51],"2":[55,55]},"f":{"1":55},"fnMap":{"1":{"name":"(anonymous_1)","line":5,"loc":{"start":{"line":5,"column":17},"end":{"line":5,"column":30}}}},"statementMap":{"1":{"start":{"line":3,"column":0},"end":{"line":3,"column":63}},"2":{"start":{"line":5,"column":0},"end":{"line":17,"column":2}},"3":{"start":{"line":7,"column":4},"end":{"line":14,"column":7}},"4":{"start":{"line":9,"column":8},"end":{"line":10,"column":62}},"5":{"start":{"line":10,"column":12},"end":{"line":10,"column":62}},"6":{"start":{"line":12,"column":8},"end":{"line":12,"column":19}}},"branchMap":{"1":{"line":9,"type":"if","locations":[{"start":{"line":9,"column":8},"end":{"line":9,"column":8}},{"start":{"line":9,"column":8},"end":{"line":9,"column":8}}]},"2":{"line":9,"type":"binary-expr","locations":[{"start":{"line":9,"column":12},"end":{"line":9,"column":41}},{"start":{"line":9,"column":45},"end":{"line":9,"column":62}}]}}},"/home/felipe/Jobs/apps/server-maestro/app/core/errors/permissionError.js":{"path":"/home/felipe/Jobs/apps/server-maestro/app/core/errors/permissionError.js","s":{"1":1,"2":9,"3":9,"4":1,"5":1},"b":{},"f":{"1":9},"fnMap":{"1":{"name":"PermissionError","line":3,"loc":{"start":{"line":3,"column":0},"end":{"line":3,"column":54}}}},"statementMap":{"1":{"start":{"line":3,"column":0},"end":{"line":6,"column":1}},"2":{"start":{"line":4,"column":4},"end":{"line":4,"column":34}},"3":{"start":{"line":5,"column":4},"end":{"line":5,"column":27}},"4":{"start":{"line":8,"column":0},"end":{"line":8,"column":44}},"5":{"start":{"line":10,"column":0},"end":{"line":10,"column":33}}},"branchMap":{}},"/home/felipe/Jobs/apps/server-maestro/app/core/libs/factoryValid.js":{"path":"/home/felipe/Jobs/apps/server-maestro/app/core/libs/factoryValid.js","s":{"1":1,"2":1,"3":1,"4":106,"5":106,"6":23,"7":83},"b":{"1":[23,83]},"f":{},"fnMap":{},"statementMap":{"1":{"start":{"line":3,"column":0},"end":{"line":3,"column":27}},"2":{"start":{"line":4,"column":0},"end":{"line":4,"column":61}},"3":{"start":{"line":6,"column":0},"end":{"line":15,"column":2}},"4":{"start":{"line":8,"column":4},"end":{"line":8,"column":45}},"5":{"start":{"line":10,"column":4},"end":{"line":12,"column":5}},"6":{"start":{"line":11,"column":8},"end":{"line":11,"column":59}},"7":{"start":{"line":14,"column":4},"end":{"line":14,"column":16}}},"branchMap":{"1":{"line":10,"type":"if","locations":[{"start":{"line":10,"column":4},"end":{"line":10,"column":4}},{"start":{"line":10,"column":4},"end":{"line":10,"column":4}}]}}},"/home/felipe/Jobs/apps/server-maestro/app/core/errors/validatorError.js":{"path":"/home/felipe/Jobs/apps/server-maestro/app/core/errors/validatorError.js","s":{"1":1,"2":24,"3":24,"4":24,"5":1,"6":1},"b":{},"f":{"1":24},"fnMap":{"1":{"name":"ValidatorError","line":3,"loc":{"start":{"line":3,"column":0},"end":{"line":3,"column":60}}}},"statementMap":{"1":{"start":{"line":3,"column":0},"end":{"line":7,"column":1}},"2":{"start":{"line":4,"column":4},"end":{"line":4,"column":33}},"3":{"start":{"line":5,"column":4},"end":{"line":5,"column":27}},"4":{"start":{"line":6,"column":4},"end":{"line":6,"column":25}},"5":{"start":{"line":9,"column":0},"end":{"line":9,"column":43}},"6":{"start":{"line":11,"column":0},"end":{"line":11,"column":32}}},"branchMap":{}},"/home/felipe/Jobs/apps/server-maestro/app/core/services/validator/validNotEqual.js":{"path":"/home/felipe/Jobs/apps/server-maestro/app/core/services/validator/validNotEqual.js","s":{"1":1,"2":16},"b":{},"f":{"1":16},"fnMap":{"1":{"name":"(anonymous_1)","line":3,"loc":{"start":{"line":3,"column":17},"end":{"line":3,"column":48}}}},"statementMap":{"1":{"start":{"line":3,"column":0},"end":{"line":6,"column":2}},"2":{"start":{"line":5,"column":2},"end":{"line":5,"column":60}}},"branchMap":{}},"/home/felipe/Jobs/apps/server-maestro/app/core/services/transforms/accessMergeTransform.js":{"path":"/home/felipe/Jobs/apps/server-maestro/app/core/services/transforms/accessMergeTransform.js","s":{"1":1,"2":1,"3":1,"4":187,"5":187,"6":0,"7":187,"8":187,"9":1,"10":187,"11":187,"12":148,"13":187,"14":0,"15":0,"16":0,"17":187,"18":187,"19":0,"20":187},"b":{"1":[0,187],"2":[148,39],"3":[0,187],"4":[0,187]},"f":{"1":187,"2":187},"fnMap":{"1":{"name":"makeAccess","line":6,"loc":{"start":{"line":6,"column":0},"end":{"line":6,"column":44}}},"2":{"name":"(anonymous_2)","line":24,"loc":{"start":{"line":24,"column":17},"end":{"line":24,"column":82}}}},"statementMap":{"1":{"start":{"line":3,"column":0},"end":{"line":3,"column":40}},"2":{"start":{"line":4,"column":0},"end":{"line":4,"column":51}},"3":{"start":{"line":6,"column":0},"end":{"line":22,"column":1}},"4":{"start":{"line":7,"column":4},"end":{"line":7,"column":24}},"5":{"start":{"line":9,"column":4},"end":{"line":10,"column":21}},"6":{"start":{"line":10,"column":8},"end":{"line":10,"column":21}},"7":{"start":{"line":12,"column":4},"end":{"line":12,"column":32}},"8":{"start":{"line":14,"column":4},"end":{"line":21,"column":6}},"9":{"start":{"line":24,"column":0},"end":{"line":41,"column":2}},"10":{"start":{"line":25,"column":4},"end":{"line":25,"column":22}},"11":{"start":{"line":27,"column":4},"end":{"line":28,"column":40}},"12":{"start":{"line":28,"column":8},"end":{"line":28,"column":40}},"13":{"start":{"line":30,"column":4},"end":{"line":35,"column":5}},"14":{"start":{"line":31,"column":8},"end":{"line":31,"column":71}},"15":{"start":{"line":31,"column":39},"end":{"line":31,"column":69}},"16":{"start":{"line":32,"column":8},"end":{"line":32,"column":29}},"17":{"start":{"line":34,"column":8},"end":{"line":34,"column":51}},"18":{"start":{"line":37,"column":4},"end":{"line":38,"column":31}},"19":{"start":{"line":38,"column":8},"end":{"line":38,"column":31}},"20":{"start":{"line":40,"column":4},"end":{"line":40,"column":39}}},"branchMap":{"1":{"line":9,"type":"if","locations":[{"start":{"line":9,"column":4},"end":{"line":9,"column":4}},{"start":{"line":9,"column":4},"end":{"line":9,"column":4}}]},"2":{"line":27,"type":"if","locations":[{"start":{"line":27,"column":4},"end":{"line":27,"column":4}},{"start":{"line":27,"column":4},"end":{"line":27,"column":4}}]},"3":{"line":30,"type":"if","locations":[{"start":{"line":30,"column":4},"end":{"line":30,"column":4}},{"start":{"line":30,"column":4},"end":{"line":30,"column":4}}]},"4":{"line":37,"type":"if","locations":[{"start":{"line":37,"column":4},"end":{"line":37,"column":4}},{"start":{"line":37,"column":4},"end":{"line":37,"column":4}}]}}},"/home/felipe/Jobs/apps/server-maestro/app/core/validators/accessValid.js":{"path":"/home/felipe/Jobs/apps/server-maestro/app/core/validators/accessValid.js","s":{"1":1,"2":1,"3":1,"4":1},"b":{},"f":{},"fnMap":{},"statementMap":{"1":{"start":{"line":3,"column":0},"end":{"line":3,"column":27}},"2":{"start":{"line":5,"column":0},"end":{"line":11,"column":2}},"3":{"start":{"line":13,"column":0},"end":{"line":18,"column":2}},"4":{"start":{"line":20,"column":0},"end":{"line":23,"column":2}}},"branchMap":{}},"/home/felipe/Jobs/apps/server-maestro/app/core/applications/transforms/hateoasTransform.js":{"path":"/home/felipe/Jobs/apps/server-maestro/app/core/applications/transforms/hateoasTransform.js","s":{"1":1,"2":1,"3":1,"4":1,"5":1,"6":207,"7":207,"8":207,"9":1,"10":16,"11":0,"12":16,"13":1,"14":39,"15":39,"16":52,"17":1,"18":70,"19":54,"20":69,"21":70},"b":{"1":[0,16],"2":[54,16]},"f":{"1":16,"2":39,"3":70},"fnMap":{"1":{"name":"(anonymous_1)","line":15,"loc":{"start":{"line":15,"column":38},"end":{"line":15,"column":87}}},"2":{"name":"(anonymous_2)","line":30,"loc":{"start":{"line":30,"column":37},"end":{"line":30,"column":95}}},"3":{"name":"(anonymous_3)","line":44,"loc":{"start":{"line":44,"column":33},"end":{"line":44,"column":57}}}},"statementMap":{"1":{"start":{"line":3,"column":0},"end":{"line":3,"column":28}},"2":{"start":{"line":4,"column":0},"end":{"line":4,"column":43}},"3":{"start":{"line":5,"column":0},"end":{"line":5,"column":71}},"4":{"start":{"line":7,"column":0},"end":{"line":7,"column":65}},"5":{"start":{"line":9,"column":0},"end":{"line":13,"column":2}},"6":{"start":{"line":10,"column":4},"end":{"line":10,"column":29}},"7":{"start":{"line":11,"column":4},"end":{"line":11,"column":71}},"8":{"start":{"line":12,"column":4},"end":{"line":12,"column":41}},"9":{"start":{"line":15,"column":0},"end":{"line":28,"column":2}},"10":{"start":{"line":17,"column":4},"end":{"line":19,"column":5}},"11":{"start":{"line":18,"column":6},"end":{"line":18,"column":16}},"12":{"start":{"line":21,"column":4},"end":{"line":27,"column":6}},"13":{"start":{"line":30,"column":0},"end":{"line":41,"column":2}},"14":{"start":{"line":31,"column":4},"end":{"line":31,"column":43}},"15":{"start":{"line":33,"column":4},"end":{"line":40,"column":6}},"16":{"start":{"line":38,"column":36},"end":{"line":38,"column":60}},"17":{"start":{"line":44,"column":0},"end":{"line":49,"column":2}},"18":{"start":{"line":45,"column":4},"end":{"line":46,"column":88}},"19":{"start":{"line":46,"column":8},"end":{"line":46,"column":88}},"20":{"start":{"line":46,"column":63},"end":{"line":46,"column":86}},"21":{"start":{"line":48,"column":4},"end":{"line":48,"column":39}}},"branchMap":{"1":{"line":17,"type":"if","locations":[{"start":{"line":17,"column":4},"end":{"line":17,"column":4}},{"start":{"line":17,"column":4},"end":{"line":17,"column":4}}]},"2":{"line":45,"type":"if","locations":[{"start":{"line":45,"column":4},"end":{"line":45,"column":4}},{"start":{"line":45,"column":4},"end":{"line":45,"column":4}}]}}},"/home/felipe/Jobs/apps/server-maestro/app/core/applications/transforms/helpers/base_url.js":{"path":"/home/felipe/Jobs/apps/server-maestro/app/core/applications/transforms/helpers/base_url.js","s":{"1":1},"b":{"1":[1,0]},"f":{},"fnMap":{},"statementMap":{"1":{"start":{"line":3,"column":0},"end":{"line":3,"column":79}}},"branchMap":{"1":{"line":3,"type":"binary-expr","locations":[{"start":{"line":3,"column":18},"end":{"line":3,"column":37}},{"start":{"line":3,"column":41},"end":{"line":3,"column":77}}]}}},"/home/felipe/Jobs/apps/server-maestro/app/core/applications/transforms/helpers/createLinkPagination.js":{"path":"/home/felipe/Jobs/apps/server-maestro/app/core/applications/transforms/helpers/createLinkPagination.js","s":{"1":1,"2":1,"3":1,"4":41,"5":41,"6":41,"7":8,"8":41,"9":1,"10":41,"11":7,"12":41},"b":{"1":[8,33],"2":[1,40],"3":[7,34]},"f":{"1":41},"fnMap":{"1":{"name":"(anonymous_1)","line":6,"loc":{"start":{"line":6,"column":17},"end":{"line":6,"column":52}}}},"statementMap":{"1":{"start":{"line":3,"column":0},"end":{"line":3,"column":35}},"2":{"start":{"line":4,"column":0},"end":{"line":4,"column":57}},"3":{"start":{"line":6,"column":0},"end":{"line":29,"column":2}},"4":{"start":{"line":7,"column":4},"end":{"line":7,"column":42}},"5":{"start":{"line":9,"column":4},"end":{"line":9,"column":79}},"6":{"start":{"line":11,"column":4},"end":{"line":14,"column":5}},"7":{"start":{"line":12,"column":8},"end":{"line":13,"column":77}},"8":{"start":{"line":16,"column":4},"end":{"line":19,"column":5}},"9":{"start":{"line":17,"column":8},"end":{"line":18,"column":77}},"10":{"start":{"line":21,"column":4},"end":{"line":26,"column":5}},"11":{"start":{"line":22,"column":8},"end":{"line":25,"column":10}},"12":{"start":{"line":28,"column":4},"end":{"line":28,"column":17}}},"branchMap":{"1":{"line":11,"type":"if","locations":[{"start":{"line":11,"column":4},"end":{"line":11,"column":4}},{"start":{"line":11,"column":4},"end":{"line":11,"column":4}}]},"2":{"line":16,"type":"if","locations":[{"start":{"line":16,"column":4},"end":{"line":16,"column":4}},{"start":{"line":16,"column":4},"end":{"line":16,"column":4}}]},"3":{"line":21,"type":"if","locations":[{"start":{"line":21,"column":4},"end":{"line":21,"column":4}},{"start":{"line":21,"column":4},"end":{"line":21,"column":4}}]}}},"/home/felipe/Jobs/apps/server-maestro/app/core/applications/transforms/helpers/factoryObjHateoas.js":{"path":"/home/felipe/Jobs/apps/server-maestro/app/core/applications/transforms/helpers/factoryObjHateoas.js","s":{"1":1,"2":304},"b":{},"f":{},"fnMap":{},"statementMap":{"1":{"start":{"line":3,"column":0},"end":{"line":3,"column":74}},"2":{"start":{"line":3,"column":49},"end":{"line":3,"column":72}}},"branchMap":{}},"/home/felipe/Jobs/apps/server-maestro/app/core/applications/persistenceApplication.js":{"path":"/home/felipe/Jobs/apps/server-maestro/app/core/applications/persistenceApplication.js","s":{"1":1,"2":1,"3":1,"4":1,"5":1,"6":1,"7":1,"8":135,"9":36,"10":36,"11":36,"12":36,"13":34,"14":34,"15":34,"16":0,"17":40,"18":39,"19":39,"20":0,"21":5,"22":4,"23":4,"24":0,"25":21,"26":11,"27":9,"28":40,"29":40,"30":40,"31":40,"32":24,"33":40,"34":30,"35":30,"36":7,"37":12,"38":9,"39":2,"40":1},"b":{"1":[24,16]},"f":{"1":36,"2":0,"3":40,"4":0,"5":5,"6":0,"7":21,"8":9,"9":40,"10":7,"11":12,"12":2},"fnMap":{"1":{"name":"(anonymous_1)","line":18,"loc":{"start":{"line":18,"column":13},"end":{"line":18,"column":30}}},"2":{"name":"(anonymous_2)","line":33,"loc":{"start":{"line":33,"column":23},"end":{"line":33,"column":36}}},"3":{"name":"(anonymous_3)","line":38,"loc":{"start":{"line":38,"column":16},"end":{"line":38,"column":33}}},"4":{"name":"(anonymous_4)","line":46,"loc":{"start":{"line":46,"column":23},"end":{"line":46,"column":36}}},"5":{"name":"(anonymous_5)","line":51,"loc":{"start":{"line":51,"column":21},"end":{"line":51,"column":38}}},"6":{"name":"(anonymous_6)","line":59,"loc":{"start":{"line":59,"column":23},"end":{"line":59,"column":36}}},"7":{"name":"(anonymous_7)","line":65,"loc":{"start":{"line":65,"column":15},"end":{"line":65,"column":32}}},"8":{"name":"(anonymous_8)","line":70,"loc":{"start":{"line":70,"column":23},"end":{"line":70,"column":36}}},"9":{"name":"(anonymous_9)","line":75,"loc":{"start":{"line":75,"column":15},"end":{"line":75,"column":32}}},"10":{"name":"(anonymous_10)","line":95,"loc":{"start":{"line":95,"column":23},"end":{"line":95,"column":36}}},"11":{"name":"(anonymous_11)","line":101,"loc":{"start":{"line":101,"column":15},"end":{"line":101,"column":32}}},"12":{"name":"(anonymous_12)","line":106,"loc":{"start":{"line":106,"column":23},"end":{"line":106,"column":36}}}},"statementMap":{"1":{"start":{"line":3,"column":0},"end":{"line":3,"column":28}},"2":{"start":{"line":5,"column":0},"end":{"line":5,"column":74}},"3":{"start":{"line":7,"column":0},"end":{"line":7,"column":82}},"4":{"start":{"line":9,"column":0},"end":{"line":9,"column":75}},"5":{"start":{"line":10,"column":0},"end":{"line":10,"column":75}},"6":{"start":{"line":11,"column":0},"end":{"line":11,"column":51}},"7":{"start":{"line":14,"column":0},"end":{"line":112,"column":2}},"8":{"start":{"line":16,"column":4},"end":{"line":111,"column":6}},"9":{"start":{"line":20,"column":12},"end":{"line":20,"column":36}},"10":{"start":{"line":21,"column":12},"end":{"line":21,"column":62}},"11":{"start":{"line":22,"column":12},"end":{"line":22,"column":40}},"12":{"start":{"line":24,"column":12},"end":{"line":35,"column":19}},"13":{"start":{"line":27,"column":20},"end":{"line":27,"column":63}},"14":{"start":{"line":30,"column":20},"end":{"line":30,"column":97}},"15":{"start":{"line":32,"column":27},"end":{"line":32,"column":38}},"16":{"start":{"line":34,"column":20},"end":{"line":34,"column":28}},"17":{"start":{"line":40,"column":12},"end":{"line":48,"column":19}},"18":{"start":{"line":43,"column":20},"end":{"line":43,"column":71}},"19":{"start":{"line":45,"column":27},"end":{"line":45,"column":38}},"20":{"start":{"line":47,"column":20},"end":{"line":47,"column":28}},"21":{"start":{"line":53,"column":12},"end":{"line":61,"column":19}},"22":{"start":{"line":56,"column":20},"end":{"line":56,"column":76}},"23":{"start":{"line":58,"column":27},"end":{"line":58,"column":38}},"24":{"start":{"line":60,"column":20},"end":{"line":60,"column":28}},"25":{"start":{"line":67,"column":12},"end":{"line":72,"column":19}},"26":{"start":{"line":69,"column":27},"end":{"line":69,"column":50}},"27":{"start":{"line":71,"column":20},"end":{"line":71,"column":28}},"28":{"start":{"line":76,"column":12},"end":{"line":76,"column":35}},"29":{"start":{"line":78,"column":12},"end":{"line":78,"column":55}},"30":{"start":{"line":79,"column":12},"end":{"line":79,"column":71}},"31":{"start":{"line":81,"column":12},"end":{"line":87,"column":13}},"32":{"start":{"line":82,"column":16},"end":{"line":86,"column":18}},"33":{"start":{"line":89,"column":12},"end":{"line":97,"column":19}},"34":{"start":{"line":92,"column":20},"end":{"line":92,"column":71}},"35":{"start":{"line":94,"column":27},"end":{"line":94,"column":50}},"36":{"start":{"line":96,"column":20},"end":{"line":96,"column":28}},"37":{"start":{"line":103,"column":12},"end":{"line":108,"column":19}},"38":{"start":{"line":105,"column":27},"end":{"line":105,"column":50}},"39":{"start":{"line":107,"column":20},"end":{"line":107,"column":28}},"40":{"start":{"line":114,"column":0},"end":{"line":114,"column":32}}},"branchMap":{"1":{"line":81,"type":"if","locations":[{"start":{"line":81,"column":12},"end":{"line":81,"column":12}},{"start":{"line":81,"column":12},"end":{"line":81,"column":12}}]}}},"/home/felipe/Jobs/apps/server-maestro/app/core/services/PersistenceServices.js":{"path":"/home/felipe/Jobs/apps/server-maestro/app/core/services/PersistenceServices.js","s":{"1":1,"2":1,"3":1,"4":1,"5":1,"6":1,"7":202,"8":202,"9":38,"10":38,"11":38,"12":38,"13":38,"14":38,"15":92,"16":92,"17":92,"18":4,"19":4,"20":4,"21":4,"22":4,"23":17,"24":17,"25":17,"26":17,"27":22,"28":22,"29":10,"30":10,"31":10,"32":1},"b":{"1":[4,0]},"f":{"1":38,"2":92,"3":4,"4":17,"5":22,"6":10},"fnMap":{"1":{"name":"(anonymous_1)","line":19,"loc":{"start":{"line":19,"column":13},"end":{"line":19,"column":55}}},"2":{"name":"(anonymous_2)","line":36,"loc":{"start":{"line":36,"column":16},"end":{"line":36,"column":56}}},"3":{"name":"(anonymous_3)","line":47,"loc":{"start":{"line":47,"column":20},"end":{"line":47,"column":35}}},"4":{"name":"(anonymous_4)","line":61,"loc":{"start":{"line":61,"column":15},"end":{"line":61,"column":63}}},"5":{"name":"(anonymous_5)","line":74,"loc":{"start":{"line":74,"column":15},"end":{"line":74,"column":22}}},"6":{"name":"(anonymous_6)","line":81,"loc":{"start":{"line":81,"column":14},"end":{"line":81,"column":55}}}},"statementMap":{"1":{"start":{"line":3,"column":0},"end":{"line":3,"column":28}},"2":{"start":{"line":5,"column":0},"end":{"line":5,"column":70}},"3":{"start":{"line":6,"column":0},"end":{"line":6,"column":63}},"4":{"start":{"line":8,"column":0},"end":{"line":8,"column":51}},"5":{"start":{"line":10,"column":0},"end":{"line":10,"column":74}},"6":{"start":{"line":13,"column":0},"end":{"line":93,"column":2}},"7":{"start":{"line":15,"column":4},"end":{"line":15,"column":53}},"8":{"start":{"line":17,"column":4},"end":{"line":92,"column":6}},"9":{"start":{"line":21,"column":12},"end":{"line":33,"column":15}},"10":{"start":{"line":23,"column":16},"end":{"line":23,"column":54}},"11":{"start":{"line":24,"column":16},"end":{"line":24,"column":52}},"12":{"start":{"line":25,"column":16},"end":{"line":25,"column":48}},"13":{"start":{"line":27,"column":16},"end":{"line":27,"column":82}},"14":{"start":{"line":29,"column":16},"end":{"line":32,"column":19}},"15":{"start":{"line":38,"column":12},"end":{"line":44,"column":15}},"16":{"start":{"line":40,"column":16},"end":{"line":40,"column":88}},"17":{"start":{"line":42,"column":16},"end":{"line":43,"column":36}},"18":{"start":{"line":49,"column":12},"end":{"line":58,"column":15}},"19":{"start":{"line":51,"column":16},"end":{"line":51,"column":25}},"20":{"start":{"line":52,"column":16},"end":{"line":54,"column":17}},"21":{"start":{"line":53,"column":20},"end":{"line":53,"column":69}},"22":{"start":{"line":56,"column":16},"end":{"line":57,"column":41}},"23":{"start":{"line":63,"column":12},"end":{"line":71,"column":15}},"24":{"start":{"line":65,"column":16},"end":{"line":65,"column":88}},"25":{"start":{"line":67,"column":16},"end":{"line":67,"column":95}},"26":{"start":{"line":69,"column":16},"end":{"line":70,"column":47}},"27":{"start":{"line":75,"column":12},"end":{"line":78,"column":15}},"28":{"start":{"line":76,"column":16},"end":{"line":77,"column":34}},"29":{"start":{"line":83,"column":12},"end":{"line":89,"column":15}},"30":{"start":{"line":85,"column":16},"end":{"line":85,"column":88}},"31":{"start":{"line":87,"column":16},"end":{"line":88,"column":35}},"32":{"start":{"line":95,"column":0},"end":{"line":95,"column":29}}},"branchMap":{"1":{"line":52,"type":"if","locations":[{"start":{"line":52,"column":16},"end":{"line":52,"column":16}},{"start":{"line":52,"column":16},"end":{"line":52,"column":16}}]}}},"/home/felipe/Jobs/apps/server-maestro/app/core/applications/transforms/formatFirstRole.js":{"path":"/home/felipe/Jobs/apps/server-maestro/app/core/applications/transforms/formatFirstRole.js","s":{"1":1,"2":1,"3":26,"4":26,"5":26},"b":{},"f":{"1":26},"fnMap":{"1":{"name":"(anonymous_1)","line":5,"loc":{"start":{"line":5,"column":17},"end":{"line":5,"column":59}}}},"statementMap":{"1":{"start":{"line":3,"column":0},"end":{"line":3,"column":28}},"2":{"start":{"line":5,"column":0},"end":{"line":11,"column":2}},"3":{"start":{"line":7,"column":4},"end":{"line":7,"column":60}},"4":{"start":{"line":8,"column":4},"end":{"line":8,"column":34}},"5":{"start":{"line":10,"column":4},"end":{"line":10,"column":28}}},"branchMap":{}},"/home/felipe/Jobs/apps/server-maestro/app/core/applications/validator/validNotFound.js":{"path":"/home/felipe/Jobs/apps/server-maestro/app/core/applications/validator/validNotFound.js","s":{"1":1,"2":36,"3":36,"4":36,"5":2,"6":36},"b":{"1":[2,34],"2":[36,2]},"f":{"1":36},"fnMap":{"1":{"name":"(anonymous_1)","line":4,"loc":{"start":{"line":4,"column":17},"end":{"line":4,"column":53}}}},"statementMap":{"1":{"start":{"line":4,"column":0},"end":{"line":16,"column":2}},"2":{"start":{"line":6,"column":4},"end":{"line":15,"column":7}},"3":{"start":{"line":8,"column":8},"end":{"line":8,"column":45}},"4":{"start":{"line":10,"column":8},"end":{"line":11,"column":21}},"5":{"start":{"line":11,"column":12},"end":{"line":11,"column":21}},"6":{"start":{"line":13,"column":8},"end":{"line":13,"column":22}}},"branchMap":{"1":{"line":10,"type":"if","locations":[{"start":{"line":10,"column":8},"end":{"line":10,"column":8}},{"start":{"line":10,"column":8},"end":{"line":10,"column":8}}]},"2":{"line":10,"type":"binary-expr","locations":[{"start":{"line":10,"column":12},"end":{"line":10,"column":24}},{"start":{"line":10,"column":28},"end":{"line":10,"column":37}}]}}},"/home/felipe/Jobs/apps/server-maestro/app/core/applications/uploadApplication.js":{"path":"/home/felipe/Jobs/apps/server-maestro/app/core/applications/uploadApplication.js","s":{"1":1,"2":1,"3":3,"4":1,"5":0,"6":0,"7":1},"b":{},"f":{"1":1,"2":0},"fnMap":{"1":{"name":"(anonymous_1)","line":10,"loc":{"start":{"line":10,"column":17},"end":{"line":10,"column":34}}},"2":{"name":"(anonymous_2)","line":15,"loc":{"start":{"line":15,"column":23},"end":{"line":15,"column":35}}}},"statementMap":{"1":{"start":{"line":3,"column":0},"end":{"line":3,"column":66}},"2":{"start":{"line":6,"column":0},"end":{"line":21,"column":2}},"3":{"start":{"line":8,"column":4},"end":{"line":20,"column":6}},"4":{"start":{"line":12,"column":12},"end":{"line":17,"column":19}},"5":{"start":{"line":14,"column":27},"end":{"line":14,"column":38}},"6":{"start":{"line":16,"column":20},"end":{"line":16,"column":28}},"7":{"start":{"line":23,"column":0},"end":{"line":23,"column":32}}},"branchMap":{}},"/home/felipe/Jobs/apps/server-maestro/app/core/services/UploaderService.js":{"path":"/home/felipe/Jobs/apps/server-maestro/app/core/services/UploaderService.js","s":{"1":1,"2":1,"3":1,"4":1,"5":0,"6":0,"7":0,"8":0,"9":0,"10":0,"11":1},"b":{},"f":{"1":0},"fnMap":{"1":{"name":"(anonymous_1)","line":11,"loc":{"start":{"line":11,"column":20},"end":{"line":11,"column":35}}}},"statementMap":{"1":{"start":{"line":3,"column":0},"end":{"line":3,"column":75}},"2":{"start":{"line":4,"column":0},"end":{"line":4,"column":56}},"3":{"start":{"line":6,"column":0},"end":{"line":6,"column":63}},"4":{"start":{"line":8,"column":0},"end":{"line":24,"column":2}},"5":{"start":{"line":10,"column":4},"end":{"line":23,"column":6}},"6":{"start":{"line":13,"column":12},"end":{"line":21,"column":15}},"7":{"start":{"line":14,"column":16},"end":{"line":14,"column":44}},"8":{"start":{"line":15,"column":16},"end":{"line":15,"column":36}},"9":{"start":{"line":17,"column":16},"end":{"line":17,"column":45}},"10":{"start":{"line":19,"column":16},"end":{"line":20,"column":39}},"11":{"start":{"line":26,"column":0},"end":{"line":26,"column":33}}},"branchMap":{}},"/home/felipe/Jobs/apps/server-maestro/app/core/repositories/uploaderRepository.js":{"path":"/home/felipe/Jobs/apps/server-maestro/app/core/repositories/uploaderRepository.js","s":{"1":1,"2":1,"3":1,"4":1,"5":0,"6":0,"7":0,"8":0,"9":0,"10":0,"11":0,"12":0,"13":0,"14":0,"15":0,"16":0,"17":1},"b":{"1":[0,0]},"f":{"1":0},"fnMap":{"1":{"name":"(anonymous_1)","line":11,"loc":{"start":{"line":11,"column":14},"end":{"line":11,"column":26}}}},"statementMap":{"1":{"start":{"line":3,"column":0},"end":{"line":3,"column":31}},"2":{"start":{"line":4,"column":0},"end":{"line":4,"column":47}},"3":{"start":{"line":5,"column":0},"end":{"line":5,"column":59}},"4":{"start":{"line":8,"column":0},"end":{"line":44,"column":2}},"5":{"start":{"line":10,"column":4},"end":{"line":43,"column":6}},"6":{"start":{"line":12,"column":12},"end":{"line":41,"column":15}},"7":{"start":{"line":14,"column":16},"end":{"line":14,"column":40}},"8":{"start":{"line":15,"column":16},"end":{"line":15,"column":61}},"9":{"start":{"line":16,"column":16},"end":{"line":16,"column":54}},"10":{"start":{"line":17,"column":16},"end":{"line":17,"column":60}},"11":{"start":{"line":19,"column":16},"end":{"line":25,"column":18}},"12":{"start":{"line":27,"column":16},"end":{"line":39,"column":19}},"13":{"start":{"line":28,"column":20},"end":{"line":30,"column":21}},"14":{"start":{"line":29,"column":24},"end":{"line":29,"column":53}},"15":{"start":{"line":32,"column":20},"end":{"line":36,"column":22}},"16":{"start":{"line":38,"column":20},"end":{"line":38,"column":40}},"17":{"start":{"line":46,"column":0},"end":{"line":46,"column":36}}},"branchMap":{"1":{"line":28,"type":"if","locations":[{"start":{"line":28,"column":20},"end":{"line":28,"column":20}},{"start":{"line":28,"column":20},"end":{"line":28,"column":20}}]}}},"/home/felipe/Jobs/apps/server-maestro/app/core/repositories/maps/mapFileType.js":{"path":"/home/felipe/Jobs/apps/server-maestro/app/core/repositories/maps/mapFileType.js","s":{"1":1,"2":3,"3":3,"4":2,"5":1},"b":{"1":[2,1],"2":[3,3]},"f":{"1":3},"fnMap":{"1":{"name":"(anonymous_1)","line":3,"loc":{"start":{"line":3,"column":17},"end":{"line":3,"column":32}}}},"statementMap":{"1":{"start":{"line":3,"column":0},"end":{"line":17,"column":2}},"2":{"start":{"line":5,"column":4},"end":{"line":10,"column":6}},"3":{"start":{"line":12,"column":4},"end":{"line":14,"column":5}},"4":{"start":{"line":13,"column":8},"end":{"line":13,"column":26}},"5":{"start":{"line":16,"column":4},"end":{"line":16,"column":16}}},"branchMap":{"1":{"line":12,"type":"if","locations":[{"start":{"line":12,"column":4},"end":{"line":12,"column":4}},{"start":{"line":12,"column":4},"end":{"line":12,"column":4}}]},"2":{"line":12,"type":"binary-expr","locations":[{"start":{"line":12,"column":7},"end":{"line":12,"column":26}},{"start":{"line":12,"column":30},"end":{"line":12,"column":55}}]}}},"/home/felipe/Jobs/apps/server-maestro/app/core/errors/uploaderError.js":{"path":"/home/felipe/Jobs/apps/server-maestro/app/core/errors/uploaderError.js","s":{"1":1,"2":0,"3":0,"4":0,"5":1,"6":1},"b":{},"f":{"1":0},"fnMap":{"1":{"name":"UploaderError","line":3,"loc":{"start":{"line":3,"column":0},"end":{"line":3,"column":56}}}},"statementMap":{"1":{"start":{"line":3,"column":0},"end":{"line":7,"column":1}},"2":{"start":{"line":4,"column":4},"end":{"line":4,"column":32}},"3":{"start":{"line":5,"column":4},"end":{"line":5,"column":27}},"4":{"start":{"line":6,"column":4},"end":{"line":6,"column":25}},"5":{"start":{"line":9,"column":0},"end":{"line":9,"column":42}},"6":{"start":{"line":11,"column":0},"end":{"line":11,"column":31}}},"branchMap":{}},"/home/felipe/Jobs/apps/server-maestro/app/core/services/validator/uploadValid.js":{"path":"/home/felipe/Jobs/apps/server-maestro/app/core/services/validator/uploadValid.js","s":{"1":1,"2":1,"3":3,"4":3,"5":3,"6":3,"7":3,"8":3,"9":1,"10":2,"11":2,"12":2,"13":2,"14":1,"15":1,"16":1,"17":2,"18":1,"19":1,"20":1,"21":1,"22":0,"23":1,"24":1},"b":{"1":[1,2],"2":[3,3],"3":[1,1],"4":[1,1],"5":[2,1],"6":[1,0]},"f":{"1":3,"2":2,"3":2,"4":1},"fnMap":{"1":{"name":"(anonymous_1)","line":17,"loc":{"start":{"line":17,"column":20},"end":{"line":17,"column":23}}},"2":{"name":"(anonymous_2)","line":28,"loc":{"start":{"line":28,"column":20},"end":{"line":28,"column":23}}},"3":{"name":"(anonymous_3)","line":38,"loc":{"start":{"line":38,"column":12},"end":{"line":38,"column":15}}},"4":{"name":"(anonymous_4)","line":46,"loc":{"start":{"line":46,"column":13},"end":{"line":46,"column":16}}}},"statementMap":{"1":{"start":{"line":3,"column":0},"end":{"line":3,"column":61}},"2":{"start":{"line":5,"column":0},"end":{"line":55,"column":2}},"3":{"start":{"line":7,"column":4},"end":{"line":11,"column":6}},"4":{"start":{"line":13,"column":4},"end":{"line":13,"column":58}},"5":{"start":{"line":14,"column":4},"end":{"line":14,"column":19}},"6":{"start":{"line":16,"column":4},"end":{"line":53,"column":6}},"7":{"start":{"line":18,"column":12},"end":{"line":18,"column":33}},"8":{"start":{"line":20,"column":12},"end":{"line":22,"column":13}},"9":{"start":{"line":21,"column":16},"end":{"line":21,"column":28}},"10":{"start":{"line":24,"column":12},"end":{"line":24,"column":41}},"11":{"start":{"line":25,"column":12},"end":{"line":25,"column":25}},"12":{"start":{"line":29,"column":12},"end":{"line":29,"column":37}},"13":{"start":{"line":30,"column":12},"end":{"line":32,"column":13}},"14":{"start":{"line":31,"column":16},"end":{"line":31,"column":28}},"15":{"start":{"line":34,"column":12},"end":{"line":34,"column":56}},"16":{"start":{"line":35,"column":12},"end":{"line":35,"column":25}},"17":{"start":{"line":39,"column":12},"end":{"line":41,"column":13}},"18":{"start":{"line":40,"column":16},"end":{"line":40,"column":28}},"19":{"start":{"line":43,"column":12},"end":{"line":43,"column":25}},"20":{"start":{"line":48,"column":12},"end":{"line":51,"column":13}},"21":{"start":{"line":49,"column":16},"end":{"line":49,"column":69}},"22":{"start":{"line":49,"column":55},"end":{"line":49,"column":67}},"23":{"start":{"line":50,"column":16},"end":{"line":50,"column":50}},"24":{"start":{"line":57,"column":0},"end":{"line":57,"column":30}}},"branchMap":{"1":{"line":20,"type":"if","locations":[{"start":{"line":20,"column":12},"end":{"line":20,"column":12}},{"start":{"line":20,"column":12},"end":{"line":20,"column":12}}]},"2":{"line":20,"type":"binary-expr","locations":[{"start":{"line":20,"column":16},"end":{"line":20,"column":37}},{"start":{"line":20,"column":41},"end":{"line":20,"column":62}}]},"3":{"line":30,"type":"if","locations":[{"start":{"line":30,"column":12},"end":{"line":30,"column":12}},{"start":{"line":30,"column":12},"end":{"line":30,"column":12}}]},"4":{"line":39,"type":"if","locations":[{"start":{"line":39,"column":12},"end":{"line":39,"column":12}},{"start":{"line":39,"column":12},"end":{"line":39,"column":12}}]},"5":{"line":39,"type":"binary-expr","locations":[{"start":{"line":39,"column":16},"end":{"line":39,"column":35}},{"start":{"line":39,"column":39},"end":{"line":39,"column":58}}]},"6":{"line":48,"type":"if","locations":[{"start":{"line":48,"column":12},"end":{"line":48,"column":12}},{"start":{"line":48,"column":12},"end":{"line":48,"column":12}}]}}},"/home/felipe/Jobs/apps/server-maestro/app/core/middlewares/cors.js":{"path":"/home/felipe/Jobs/apps/server-maestro/app/core/middlewares/cors.js","s":{"1":1,"2":8,"3":241,"4":241,"5":241,"6":241},"b":{},"f":{"1":8,"2":241},"fnMap":{"1":{"name":"(anonymous_1)","line":3,"loc":{"start":{"line":3,"column":17},"end":{"line":3,"column":29}}},"2":{"name":"(anonymous_2)","line":4,"loc":{"start":{"line":4,"column":11},"end":{"line":4,"column":37}}}},"statementMap":{"1":{"start":{"line":3,"column":0},"end":{"line":10,"column":2}},"2":{"start":{"line":4,"column":4},"end":{"line":9,"column":6}},"3":{"start":{"line":5,"column":6},"end":{"line":5,"column":53}},"4":{"start":{"line":6,"column":6},"end":{"line":6,"column":78}},"5":{"start":{"line":7,"column":6},"end":{"line":7,"column":114}},"6":{"start":{"line":8,"column":6},"end":{"line":8,"column":13}}},"branchMap":{}},"/home/felipe/Jobs/apps/server-maestro/app/core/middlewares/tokenization.js":{"path":"/home/felipe/Jobs/apps/server-maestro/app/core/middlewares/tokenization.js","s":{"1":1,"2":1,"3":8},"b":{},"f":{"1":8},"fnMap":{"1":{"name":"(anonymous_1)","line":5,"loc":{"start":{"line":5,"column":17},"end":{"line":5,"column":29}}}},"statementMap":{"1":{"start":{"line":3,"column":0},"end":{"line":3,"column":59}},"2":{"start":{"line":5,"column":0},"end":{"line":7,"column":2}},"3":{"start":{"line":6,"column":4},"end":{"line":6,"column":37}}},"branchMap":{}},"/home/felipe/Jobs/apps/server-maestro/app/profile/config/auth_conector.js":{"path":"/home/felipe/Jobs/apps/server-maestro/app/profile/config/auth_conector.js","s":{"1":1,"2":1,"3":1,"4":1,"5":1,"6":1,"7":1,"8":1,"9":568,"10":161,"11":161,"12":161,"13":161,"14":160,"15":1,"16":0,"17":568,"18":568,"19":8,"20":560},"b":{"1":[161,0],"2":[160,1]},"f":{"1":568,"2":161},"fnMap":{"1":{"name":"(anonymous_1)","line":15,"loc":{"start":{"line":15,"column":17},"end":{"line":15,"column":28}}},"2":{"name":"(anonymous_2)","line":16,"loc":{"start":{"line":16,"column":50},"end":{"line":16,"column":75}}}},"statementMap":{"1":{"start":{"line":3,"column":0},"end":{"line":3,"column":28}},"2":{"start":{"line":4,"column":0},"end":{"line":4,"column":37}},"3":{"start":{"line":5,"column":0},"end":{"line":5,"column":43}},"4":{"start":{"line":7,"column":0},"end":{"line":7,"column":47}},"5":{"start":{"line":8,"column":0},"end":{"line":8,"column":63}},"6":{"start":{"line":10,"column":0},"end":{"line":10,"column":53}},"7":{"start":{"line":12,"column":0},"end":{"line":12,"column":63}},"8":{"start":{"line":15,"column":0},"end":{"line":45,"column":2}},"9":{"start":{"line":16,"column":4},"end":{"line":33,"column":7}},"10":{"start":{"line":18,"column":8},"end":{"line":18,"column":28}},"11":{"start":{"line":20,"column":8},"end":{"line":31,"column":9}},"12":{"start":{"line":21,"column":12},"end":{"line":30,"column":51}},"13":{"start":{"line":24,"column":20},"end":{"line":26,"column":21}},"14":{"start":{"line":25,"column":24},"end":{"line":25,"column":45}},"15":{"start":{"line":28,"column":20},"end":{"line":28,"column":78}},"16":{"start":{"line":30,"column":32},"end":{"line":30,"column":49}},"17":{"start":{"line":35,"column":4},"end":{"line":35,"column":27}},"18":{"start":{"line":37,"column":4},"end":{"line":44,"column":6}},"19":{"start":{"line":39,"column":12},"end":{"line":39,"column":41}},"20":{"start":{"line":42,"column":12},"end":{"line":42,"column":67}}},"branchMap":{"1":{"line":20,"type":"if","locations":[{"start":{"line":20,"column":8},"end":{"line":20,"column":8}},{"start":{"line":20,"column":8},"end":{"line":20,"column":8}}]},"2":{"line":24,"type":"if","locations":[{"start":{"line":24,"column":20},"end":{"line":24,"column":20}},{"start":{"line":24,"column":20},"end":{"line":24,"column":20}}]}}},"/home/felipe/Jobs/apps/server-maestro/app/profile/entities/Users.js":{"path":"/home/felipe/Jobs/apps/server-maestro/app/profile/entities/Users.js","s":{"1":1},"b":{},"f":{},"fnMap":{},"statementMap":{"1":{"start":{"line":3,"column":0},"end":{"line":12,"column":2}}},"branchMap":{}},"/home/felipe/Jobs/apps/server-maestro/app/profile/validators/index.js":{"path":"/home/felipe/Jobs/apps/server-maestro/app/profile/validators/index.js","s":{"1":1,"2":1,"3":1,"4":1},"b":{},"f":{},"fnMap":{},"statementMap":{"1":{"start":{"line":3,"column":0},"end":{"line":3,"column":27}},"2":{"start":{"line":5,"column":0},"end":{"line":9,"column":2}},"3":{"start":{"line":11,"column":0},"end":{"line":24,"column":2}},"4":{"start":{"line":26,"column":0},"end":{"line":31,"column":2}}},"branchMap":{}},"/home/felipe/Jobs/apps/server-maestro/app/profile/config/auth_config.js":{"path":"/home/felipe/Jobs/apps/server-maestro/app/profile/config/auth_config.js","s":{"1":1,"2":1},"b":{"1":[1,0]},"f":{},"fnMap":{},"statementMap":{"1":{"start":{"line":3,"column":0},"end":{"line":3,"column":45}},"2":{"start":{"line":5,"column":0},"end":{"line":13,"column":2}}},"branchMap":{"1":{"line":7,"type":"binary-expr","locations":[{"start":{"line":7,"column":21},"end":{"line":7,"column":42}},{"start":{"line":7,"column":46},"end":{"line":7,"column":62}}]}}},"/home/felipe/Jobs/apps/server-maestro/app/profile/routers/me.js":{"path":"/home/felipe/Jobs/apps/server-maestro/app/profile/routers/me.js","s":{"1":1,"2":1,"3":1,"4":1,"5":1,"6":8,"7":3,"8":3,"9":3,"10":3,"11":1,"12":1},"b":{},"f":{"1":8,"2":3,"3":3,"4":1},"fnMap":{"1":{"name":"(anonymous_1)","line":15,"loc":{"start":{"line":15,"column":17},"end":{"line":15,"column":35}}},"2":{"name":"(anonymous_2)","line":18,"loc":{"start":{"line":18,"column":34},"end":{"line":18,"column":60}}},"3":{"name":"(anonymous_3)","line":24,"loc":{"start":{"line":24,"column":34},"end":{"line":24,"column":60}}},"4":{"name":"(anonymous_4)","line":30,"loc":{"start":{"line":30,"column":37},"end":{"line":30,"column":63}}}},"statementMap":{"1":{"start":{"line":3,"column":0},"end":{"line":3,"column":62}},"2":{"start":{"line":5,"column":0},"end":{"line":5,"column":42}},"3":{"start":{"line":11,"column":0},"end":{"line":11,"column":82}},"4":{"start":{"line":12,"column":0},"end":{"line":12,"column":108}},"5":{"start":{"line":15,"column":0},"end":{"line":38,"column":2}},"6":{"start":{"line":17,"column":4},"end":{"line":34,"column":11}},"7":{"start":{"line":19,"column":12},"end":{"line":19,"column":41}},"8":{"start":{"line":21,"column":12},"end":{"line":21,"column":51}},"9":{"start":{"line":25,"column":12},"end":{"line":25,"column":41}},"10":{"start":{"line":27,"column":12},"end":{"line":27,"column":50}},"11":{"start":{"line":31,"column":12},"end":{"line":31,"column":41}},"12":{"start":{"line":33,"column":12},"end":{"line":33,"column":50}}},"branchMap":{}},"/home/felipe/Jobs/apps/server-maestro/app/core/middlewares/authenticate.js":{"path":"/home/felipe/Jobs/apps/server-maestro/app/core/middlewares/authenticate.js","s":{"1":1,"2":1,"3":560},"b":{},"f":{"1":560},"fnMap":{"1":{"name":"(anonymous_1)","line":5,"loc":{"start":{"line":5,"column":17},"end":{"line":5,"column":29}}}},"statementMap":{"1":{"start":{"line":3,"column":0},"end":{"line":3,"column":59}},"2":{"start":{"line":5,"column":0},"end":{"line":7,"column":2}},"3":{"start":{"line":6,"column":4},"end":{"line":6,"column":39}}},"branchMap":{}},"/home/felipe/Jobs/apps/server-maestro/app/profile/services/PersistenceServices.js":{"path":"/home/felipe/Jobs/apps/server-maestro/app/profile/services/PersistenceServices.js","s":{"1":1,"2":1,"3":1,"4":1,"5":1,"6":1,"7":24,"8":24,"9":15,"10":15,"11":14,"12":4,"13":4,"14":3,"15":3,"16":2,"17":2,"18":1,"19":1,"20":1},"b":{},"f":{"1":15,"2":4,"3":3,"4":1},"fnMap":{"1":{"name":"(anonymous_1)","line":19,"loc":{"start":{"line":19,"column":15},"end":{"line":19,"column":22}}},"2":{"name":"(anonymous_2)","line":31,"loc":{"start":{"line":31,"column":16},"end":{"line":31,"column":22}}},"3":{"name":"(anonymous_3)","line":40,"loc":{"start":{"line":40,"column":15},"end":{"line":40,"column":27}}},"4":{"name":"(anonymous_4)","line":54,"loc":{"start":{"line":54,"column":14},"end":{"line":54,"column":20}}}},"statementMap":{"1":{"start":{"line":3,"column":0},"end":{"line":3,"column":28}},"2":{"start":{"line":5,"column":0},"end":{"line":5,"column":70}},"3":{"start":{"line":6,"column":0},"end":{"line":6,"column":63}},"4":{"start":{"line":8,"column":0},"end":{"line":8,"column":69}},"5":{"start":{"line":10,"column":0},"end":{"line":10,"column":65}},"6":{"start":{"line":13,"column":0},"end":{"line":63,"column":2}},"7":{"start":{"line":15,"column":4},"end":{"line":15,"column":53}},"8":{"start":{"line":17,"column":4},"end":{"line":62,"column":7}},"9":{"start":{"line":21,"column":12},"end":{"line":28,"column":15}},"10":{"start":{"line":23,"column":16},"end":{"line":27,"column":23}},"11":{"start":{"line":25,"column":24},"end":{"line":26,"column":42}},"12":{"start":{"line":33,"column":12},"end":{"line":37,"column":15}},"13":{"start":{"line":35,"column":16},"end":{"line":36,"column":36}},"14":{"start":{"line":41,"column":12},"end":{"line":50,"column":15}},"15":{"start":{"line":43,"column":16},"end":{"line":49,"column":23}},"16":{"start":{"line":46,"column":24},"end":{"line":46,"column":103}},"17":{"start":{"line":47,"column":24},"end":{"line":48,"column":55}},"18":{"start":{"line":56,"column":12},"end":{"line":60,"column":15}},"19":{"start":{"line":58,"column":16},"end":{"line":59,"column":35}},"20":{"start":{"line":65,"column":0},"end":{"line":65,"column":34}}},"branchMap":{}},"/home/felipe/Jobs/apps/server-maestro/app/profile/services/validator/validDuplicateUser.js":{"path":"/home/felipe/Jobs/apps/server-maestro/app/profile/services/validator/validDuplicateUser.js","s":{"1":1,"2":1,"3":1,"4":18,"5":18,"6":18,"7":18,"8":2,"9":2,"10":16,"11":2},"b":{"1":[2,16]},"f":{"1":18},"fnMap":{"1":{"name":"(anonymous_1)","line":6,"loc":{"start":{"line":6,"column":17},"end":{"line":6,"column":47}}}},"statementMap":{"1":{"start":{"line":3,"column":0},"end":{"line":3,"column":28}},"2":{"start":{"line":4,"column":0},"end":{"line":4,"column":59}},"3":{"start":{"line":6,"column":0},"end":{"line":29,"column":2}},"4":{"start":{"line":8,"column":4},"end":{"line":26,"column":7}},"5":{"start":{"line":9,"column":8},"end":{"line":9,"column":29}},"6":{"start":{"line":11,"column":8},"end":{"line":24,"column":15}},"7":{"start":{"line":15,"column":16},"end":{"line":18,"column":17}},"8":{"start":{"line":16,"column":20},"end":{"line":16,"column":51}},"9":{"start":{"line":17,"column":20},"end":{"line":17,"column":74}},"10":{"start":{"line":20,"column":16},"end":{"line":20,"column":30}},"11":{"start":{"line":23,"column":16},"end":{"line":23,"column":26}}},"branchMap":{"1":{"line":15,"type":"if","locations":[{"start":{"line":15,"column":16},"end":{"line":15,"column":16}},{"start":{"line":15,"column":16},"end":{"line":15,"column":16}}]}}},"/home/felipe/Jobs/apps/server-maestro/app/core/errors/conflictError.js":{"path":"/home/felipe/Jobs/apps/server-maestro/app/core/errors/conflictError.js","s":{"1":1,"2":2,"3":2,"4":2,"5":1,"6":1},"b":{},"f":{"1":2},"fnMap":{"1":{"name":"ConflictError","line":3,"loc":{"start":{"line":3,"column":0},"end":{"line":3,"column":58}}}},"statementMap":{"1":{"start":{"line":3,"column":0},"end":{"line":7,"column":1}},"2":{"start":{"line":4,"column":4},"end":{"line":4,"column":32}},"3":{"start":{"line":5,"column":4},"end":{"line":5,"column":27}},"4":{"start":{"line":6,"column":4},"end":{"line":6,"column":25}},"5":{"start":{"line":9,"column":0},"end":{"line":9,"column":42}},"6":{"start":{"line":11,"column":0},"end":{"line":11,"column":31}}},"branchMap":{}},"/home/felipe/Jobs/apps/server-maestro/app/profile/routers/users/index.js":{"path":"/home/felipe/Jobs/apps/server-maestro/app/profile/routers/users/index.js","s":{"1":1,"2":1,"3":1,"4":1,"5":1,"6":1,"7":1,"8":1,"9":8,"10":0},"b":{},"f":{"1":8},"fnMap":{"1":{"name":"(anonymous_1)","line":18,"loc":{"start":{"line":18,"column":17},"end":{"line":18,"column":35}}}},"statementMap":{"1":{"start":{"line":3,"column":0},"end":{"line":3,"column":62}},"2":{"start":{"line":5,"column":0},"end":{"line":5,"column":47}},"3":{"start":{"line":6,"column":0},"end":{"line":6,"column":50}},"4":{"start":{"line":12,"column":0},"end":{"line":12,"column":82}},"5":{"start":{"line":13,"column":0},"end":{"line":13,"column":108}},"6":{"start":{"line":14,"column":0},"end":{"line":14,"column":73}},"7":{"start":{"line":16,"column":0},"end":{"line":16,"column":74}},"8":{"start":{"line":18,"column":0},"end":{"line":58,"column":2}},"9":{"start":{"line":20,"column":4},"end":{"line":57,"column":61}},"10":{"start":{"line":28,"column":10},"end":{"line":28,"column":23}}},"branchMap":{}},"/home/felipe/Jobs/apps/server-maestro/app/profile/entities/Auth.js":{"path":"/home/felipe/Jobs/apps/server-maestro/app/profile/entities/Auth.js","s":{"1":1},"b":{},"f":{},"fnMap":{},"statementMap":{"1":{"start":{"line":3,"column":0},"end":{"line":12,"column":2}}},"branchMap":{}},"/home/felipe/Jobs/apps/server-maestro/app/profile/validators/auth.js":{"path":"/home/felipe/Jobs/apps/server-maestro/app/profile/validators/auth.js","s":{"1":1,"2":1,"3":1,"4":1,"5":1,"6":1,"7":1},"b":{},"f":{},"fnMap":{},"statementMap":{"1":{"start":{"line":3,"column":0},"end":{"line":3,"column":27}},"2":{"start":{"line":5,"column":0},"end":{"line":9,"column":2}},"3":{"start":{"line":11,"column":0},"end":{"line":14,"column":2}},"4":{"start":{"line":16,"column":0},"end":{"line":19,"column":2}},"5":{"start":{"line":21,"column":0},"end":{"line":24,"column":2}},"6":{"start":{"line":26,"column":0},"end":{"line":31,"column":2}},"7":{"start":{"line":33,"column":0},"end":{"line":40,"column":2}}},"branchMap":{}},"/home/felipe/Jobs/apps/server-maestro/app/profile/applications/authApplication.js":{"path":"/home/felipe/Jobs/apps/server-maestro/app/profile/applications/authApplication.js","s":{"1":1,"2":1,"3":1,"4":11,"5":9,"6":2,"7":3,"8":1,"9":2,"10":2,"11":0,"12":2,"13":1,"14":0,"15":1,"16":1},"b":{},"f":{"1":11,"2":2,"3":3,"4":2,"5":2,"6":2,"7":1,"8":1},"fnMap":{"1":{"name":"(anonymous_1)","line":8,"loc":{"start":{"line":8,"column":14},"end":{"line":8,"column":31}}},"2":{"name":"(anonymous_2)","line":13,"loc":{"start":{"line":13,"column":23},"end":{"line":13,"column":36}}},"3":{"name":"(anonymous_3)","line":19,"loc":{"start":{"line":19,"column":28},"end":{"line":19,"column":45}}},"4":{"name":"(anonymous_4)","line":24,"loc":{"start":{"line":24,"column":23},"end":{"line":24,"column":36}}},"5":{"name":"(anonymous_5)","line":30,"loc":{"start":{"line":30,"column":15},"end":{"line":30,"column":32}}},"6":{"name":"(anonymous_6)","line":35,"loc":{"start":{"line":35,"column":23},"end":{"line":35,"column":36}}},"7":{"name":"(anonymous_7)","line":41,"loc":{"start":{"line":41,"column":29},"end":{"line":41,"column":46}}},"8":{"name":"(anonymous_8)","line":46,"loc":{"start":{"line":46,"column":23},"end":{"line":46,"column":36}}}},"statementMap":{"1":{"start":{"line":3,"column":0},"end":{"line":3,"column":60}},"2":{"start":{"line":5,"column":0},"end":{"line":52,"column":2}},"3":{"start":{"line":7,"column":4},"end":{"line":51,"column":6}},"4":{"start":{"line":10,"column":12},"end":{"line":15,"column":19}},"5":{"start":{"line":12,"column":27},"end":{"line":12,"column":38}},"6":{"start":{"line":14,"column":20},"end":{"line":14,"column":28}},"7":{"start":{"line":21,"column":12},"end":{"line":26,"column":19}},"8":{"start":{"line":23,"column":27},"end":{"line":23,"column":50}},"9":{"start":{"line":25,"column":20},"end":{"line":25,"column":28}},"10":{"start":{"line":32,"column":12},"end":{"line":37,"column":19}},"11":{"start":{"line":34,"column":27},"end":{"line":34,"column":50}},"12":{"start":{"line":36,"column":20},"end":{"line":36,"column":28}},"13":{"start":{"line":43,"column":12},"end":{"line":48,"column":19}},"14":{"start":{"line":45,"column":27},"end":{"line":45,"column":50}},"15":{"start":{"line":47,"column":20},"end":{"line":47,"column":28}},"16":{"start":{"line":54,"column":0},"end":{"line":54,"column":25}}},"branchMap":{}},"/home/felipe/Jobs/apps/server-maestro/app/profile/services/AuthService.js":{"path":"/home/felipe/Jobs/apps/server-maestro/app/profile/services/AuthService.js","s":{"1":1,"2":1,"3":1,"4":1,"5":1,"6":1,"7":1,"8":1,"9":1,"10":1,"11":1,"12":19,"13":19,"14":13,"15":13,"16":13,"17":13,"18":13,"19":13,"20":13,"21":10,"22":3,"23":3,"24":3,"25":2,"26":1,"27":1,"28":1,"29":1,"30":2,"31":2,"32":2,"33":1,"34":1,"35":1,"36":1,"37":1,"38":1,"39":1,"40":0,"41":0,"42":0,"43":0,"44":0,"45":1},"b":{},"f":{"1":13,"2":3,"3":2,"4":1},"fnMap":{"1":{"name":"(anonymous_1)","line":22,"loc":{"start":{"line":22,"column":21},"end":{"line":22,"column":28}}},"2":{"name":"(anonymous_2)","line":43,"loc":{"start":{"line":43,"column":28},"end":{"line":43,"column":42}}},"3":{"name":"(anonymous_3)","line":63,"loc":{"start":{"line":63,"column":15},"end":{"line":63,"column":22}}},"4":{"name":"(anonymous_4)","line":89,"loc":{"start":{"line":89,"column":29},"end":{"line":89,"column":36}}}},"statementMap":{"1":{"start":{"line":3,"column":0},"end":{"line":3,"column":28}},"2":{"start":{"line":4,"column":0},"end":{"line":4,"column":70}},"3":{"start":{"line":5,"column":0},"end":{"line":5,"column":63}},"4":{"start":{"line":7,"column":0},"end":{"line":7,"column":76}},"5":{"start":{"line":8,"column":0},"end":{"line":8,"column":68}},"6":{"start":{"line":10,"column":0},"end":{"line":10,"column":55}},"7":{"start":{"line":11,"column":0},"end":{"line":11,"column":80}},"8":{"start":{"line":12,"column":0},"end":{"line":12,"column":60}},"9":{"start":{"line":14,"column":0},"end":{"line":14,"column":61}},"10":{"start":{"line":15,"column":0},"end":{"line":15,"column":40}},"11":{"start":{"line":17,"column":0},"end":{"line":110,"column":2}},"12":{"start":{"line":19,"column":4},"end":{"line":19,"column":53}},"13":{"start":{"line":21,"column":4},"end":{"line":108,"column":6}},"14":{"start":{"line":24,"column":12},"end":{"line":40,"column":15}},"15":{"start":{"line":26,"column":16},"end":{"line":26,"column":57}},"16":{"start":{"line":27,"column":16},"end":{"line":27,"column":60}},"17":{"start":{"line":29,"column":16},"end":{"line":29,"column":37}},"18":{"start":{"line":30,"column":16},"end":{"line":30,"column":40}},"19":{"start":{"line":32,"column":16},"end":{"line":39,"column":23}},"20":{"start":{"line":35,"column":24},"end":{"line":35,"column":59}},"21":{"start":{"line":38,"column":24},"end":{"line":38,"column":49}},"22":{"start":{"line":45,"column":12},"end":{"line":60,"column":15}},"23":{"start":{"line":47,"column":16},"end":{"line":47,"column":68}},"24":{"start":{"line":48,"column":16},"end":{"line":48,"column":65}},"25":{"start":{"line":50,"column":16},"end":{"line":59,"column":23}},"26":{"start":{"line":53,"column":24},"end":{"line":53,"column":91}},"27":{"start":{"line":54,"column":24},"end":{"line":54,"column":74}},"28":{"start":{"line":55,"column":24},"end":{"line":55,"column":44}},"29":{"start":{"line":57,"column":24},"end":{"line":58,"column":55}},"30":{"start":{"line":65,"column":12},"end":{"line":85,"column":15}},"31":{"start":{"line":67,"column":16},"end":{"line":67,"column":61}},"32":{"start":{"line":68,"column":16},"end":{"line":68,"column":61}},"33":{"start":{"line":70,"column":16},"end":{"line":70,"column":37}},"34":{"start":{"line":72,"column":16},"end":{"line":84,"column":23}},"35":{"start":{"line":75,"column":24},"end":{"line":75,"column":61}},"36":{"start":{"line":78,"column":24},"end":{"line":83,"column":35}},"37":{"start":{"line":91,"column":12},"end":{"line":105,"column":15}},"38":{"start":{"line":93,"column":16},"end":{"line":93,"column":57}},"39":{"start":{"line":94,"column":16},"end":{"line":94,"column":67}},"40":{"start":{"line":96,"column":16},"end":{"line":104,"column":23}},"41":{"start":{"line":98,"column":24},"end":{"line":98,"column":48}},"42":{"start":{"line":99,"column":24},"end":{"line":99,"column":38}},"43":{"start":{"line":100,"column":24},"end":{"line":100,"column":44}},"44":{"start":{"line":102,"column":24},"end":{"line":103,"column":69}},"45":{"start":{"line":112,"column":0},"end":{"line":112,"column":29}}},"branchMap":{}},"/home/felipe/Jobs/apps/server-maestro/app/profile/services/validator/validPassMatch.js":{"path":"/home/felipe/Jobs/apps/server-maestro/app/profile/services/validator/validPassMatch.js","s":{"1":1,"2":1,"3":1,"4":13,"5":13,"6":12,"7":10,"8":10,"9":3},"b":{"1":[12,1],"2":[10,2],"3":[12,12]},"f":{"1":13},"fnMap":{"1":{"name":"(anonymous_1)","line":7,"loc":{"start":{"line":7,"column":17},"end":{"line":7,"column":41}}}},"statementMap":{"1":{"start":{"line":3,"column":0},"end":{"line":3,"column":63}},"2":{"start":{"line":4,"column":0},"end":{"line":4,"column":33}},"3":{"start":{"line":7,"column":0},"end":{"line":22,"column":2}},"4":{"start":{"line":9,"column":4},"end":{"line":20,"column":7}},"5":{"start":{"line":11,"column":8},"end":{"line":16,"column":9}},"6":{"start":{"line":12,"column":12},"end":{"line":15,"column":13}},"7":{"start":{"line":13,"column":16},"end":{"line":13,"column":29}},"8":{"start":{"line":14,"column":16},"end":{"line":14,"column":23}},"9":{"start":{"line":18,"column":6},"end":{"line":18,"column":64}}},"branchMap":{"1":{"line":11,"type":"if","locations":[{"start":{"line":11,"column":8},"end":{"line":11,"column":8}},{"start":{"line":11,"column":8},"end":{"line":11,"column":8}}]},"2":{"line":12,"type":"if","locations":[{"start":{"line":12,"column":12},"end":{"line":12,"column":12}},{"start":{"line":12,"column":12},"end":{"line":12,"column":12}}]},"3":{"line":12,"type":"binary-expr","locations":[{"start":{"line":12,"column":15},"end":{"line":12,"column":18}},{"start":{"line":12,"column":22},"end":{"line":12,"column":64}}]}}},"/home/felipe/Jobs/apps/server-maestro/app/profile/transforms/tokenTransform.js":{"path":"/home/felipe/Jobs/apps/server-maestro/app/profile/transforms/tokenTransform.js","s":{"1":1,"2":1,"3":1,"4":10},"b":{},"f":{},"fnMap":{},"statementMap":{"1":{"start":{"line":3,"column":0},"end":{"line":3,"column":34}},"2":{"start":{"line":4,"column":0},"end":{"line":4,"column":53}},"3":{"start":{"line":6,"column":0},"end":{"line":9,"column":3}},"4":{"start":{"line":6,"column":28},"end":{"line":9,"column":1}}},"branchMap":{}},"/home/felipe/Jobs/apps/server-maestro/app/profile/transforms/forgotEmailTransform.js":{"path":"/home/felipe/Jobs/apps/server-maestro/app/profile/transforms/forgotEmailTransform.js","s":{"1":1,"2":1,"3":1,"4":1,"5":1,"6":1,"7":1,"8":1,"9":1,"10":1,"11":1,"12":1},"b":{"1":[1,0]},"f":{"1":1},"fnMap":{"1":{"name":"(anonymous_1)","line":8,"loc":{"start":{"line":8,"column":17},"end":{"line":8,"column":39}}}},"statementMap":{"1":{"start":{"line":3,"column":0},"end":{"line":3,"column":34}},"2":{"start":{"line":4,"column":0},"end":{"line":4,"column":60}},"3":{"start":{"line":6,"column":0},"end":{"line":6,"column":43}},"4":{"start":{"line":8,"column":0},"end":{"line":32,"column":2}},"5":{"start":{"line":10,"column":4},"end":{"line":31,"column":7}},"6":{"start":{"line":12,"column":8},"end":{"line":14,"column":10}},"7":{"start":{"line":16,"column":8},"end":{"line":16,"column":71}},"8":{"start":{"line":19,"column":8},"end":{"line":19,"column":36}},"9":{"start":{"line":21,"column":8},"end":{"line":23,"column":9}},"10":{"start":{"line":22,"column":12},"end":{"line":22,"column":26}},"11":{"start":{"line":25,"column":8},"end":{"line":25,"column":37}},"12":{"start":{"line":27,"column":7},"end":{"line":29,"column":10}}},"branchMap":{"1":{"line":21,"type":"if","locations":[{"start":{"line":21,"column":8},"end":{"line":21,"column":8}},{"start":{"line":21,"column":8},"end":{"line":21,"column":8}}]}}},"/home/felipe/Jobs/apps/server-maestro/app/profile/config/auth_forgot_config.js":{"path":"/home/felipe/Jobs/apps/server-maestro/app/profile/config/auth_forgot_config.js","s":{"1":1,"2":1},"b":{"1":[1,0]},"f":{},"fnMap":{},"statementMap":{"1":{"start":{"line":3,"column":0},"end":{"line":3,"column":45}},"2":{"start":{"line":5,"column":0},"end":{"line":13,"column":2}}},"branchMap":{"1":{"line":7,"type":"binary-expr","locations":[{"start":{"line":7,"column":21},"end":{"line":7,"column":49}},{"start":{"line":7,"column":53},"end":{"line":7,"column":69}}]}}},"/home/felipe/Jobs/apps/server-maestro/app/profile/services/libs/decodePassForgot.js":{"path":"/home/felipe/Jobs/apps/server-maestro/app/profile/services/libs/decodePassForgot.js","s":{"1":1,"2":1,"3":1,"4":1,"5":1,"6":0,"7":0,"8":0,"9":0,"10":0,"11":0,"12":0,"13":0,"14":0,"15":0},"b":{"1":[0,0]},"f":{"1":0},"fnMap":{"1":{"name":"(anonymous_1)","line":10,"loc":{"start":{"line":10,"column":17},"end":{"line":10,"column":35}}}},"statementMap":{"1":{"start":{"line":3,"column":0},"end":{"line":3,"column":34}},"2":{"start":{"line":4,"column":0},"end":{"line":4,"column":60}},"3":{"start":{"line":6,"column":0},"end":{"line":6,"column":43}},"4":{"start":{"line":8,"column":0},"end":{"line":8,"column":59}},"5":{"start":{"line":10,"column":0},"end":{"line":33,"column":2}},"6":{"start":{"line":12,"column":4},"end":{"line":32,"column":7}},"7":{"start":{"line":14,"column":8},"end":{"line":14,"column":19}},"8":{"start":{"line":16,"column":8},"end":{"line":16,"column":79}},"9":{"start":{"line":18,"column":8},"end":{"line":19,"column":53}},"10":{"start":{"line":19,"column":12},"end":{"line":19,"column":53}},"11":{"start":{"line":21,"column":8},"end":{"line":21,"column":47}},"12":{"start":{"line":24,"column":8},"end":{"line":28,"column":9}},"13":{"start":{"line":25,"column":12},"end":{"line":25,"column":40}},"14":{"start":{"line":27,"column":12},"end":{"line":27,"column":24}},"15":{"start":{"line":30,"column":8},"end":{"line":30,"column":24}}},"branchMap":{"1":{"line":18,"type":"if","locations":[{"start":{"line":18,"column":8},"end":{"line":18,"column":8}},{"start":{"line":18,"column":8},"end":{"line":18,"column":8}}]}}},"/home/felipe/Jobs/apps/server-maestro/app/core/services/MailerService.js":{"path":"/home/felipe/Jobs/apps/server-maestro/app/core/services/MailerService.js","s":{"1":1,"2":1,"3":1,"4":1,"5":0,"6":0,"7":1},"b":{},"f":{"1":1,"2":1},"fnMap":{"1":{"name":"(anonymous_1)","line":7,"loc":{"start":{"line":7,"column":15},"end":{"line":7,"column":18}}},"2":{"name":"(anonymous_2)","line":12,"loc":{"start":{"line":12,"column":10},"end":{"line":12,"column":40}}}},"statementMap":{"1":{"start":{"line":3,"column":0},"end":{"line":3,"column":74}},"2":{"start":{"line":8,"column":8},"end":{"line":8,"column":20}},"3":{"start":{"line":14,"column":8},"end":{"line":22,"column":11}},"4":{"start":{"line":16,"column":12},"end":{"line":20,"column":15}},"5":{"start":{"line":17,"column":25},"end":{"line":17,"column":35}},"6":{"start":{"line":19,"column":16},"end":{"line":19,"column":28}},"7":{"start":{"line":27,"column":0},"end":{"line":27,"column":31}}},"branchMap":{}},"/home/felipe/Jobs/apps/server-maestro/app/core/repositories/smtp/mailerConnector.js":{"path":"/home/felipe/Jobs/apps/server-maestro/app/core/repositories/smtp/mailerConnector.js","s":{"1":1,"2":1,"3":1,"4":1,"5":1,"6":1,"7":0,"8":0,"9":0,"10":0,"11":0,"12":0,"13":1,"14":1,"15":1},"b":{"1":[1,0],"2":[0,0]},"f":{"1":1,"2":1,"3":0},"fnMap":{"1":{"name":"(anonymous_1)","line":8,"loc":{"start":{"line":8,"column":15},"end":{"line":8,"column":18}}},"2":{"name":"(anonymous_2)","line":18,"loc":{"start":{"line":18,"column":10},"end":{"line":18,"column":45}}},"3":{"name":"(anonymous_3)","line":39,"loc":{"start":{"line":39,"column":16},"end":{"line":39,"column":48}}}},"statementMap":{"1":{"start":{"line":3,"column":0},"end":{"line":3,"column":42}},"2":{"start":{"line":9,"column":8},"end":{"line":9,"column":35}},"3":{"start":{"line":11,"column":8},"end":{"line":15,"column":15}},"4":{"start":{"line":14,"column":16},"end":{"line":14,"column":33}},"5":{"start":{"line":19,"column":6},"end":{"line":21,"column":7}},"6":{"start":{"line":20,"column":9},"end":{"line":20,"column":46}},"7":{"start":{"line":23,"column":6},"end":{"line":36,"column":9}},"8":{"start":{"line":25,"column":12},"end":{"line":34,"column":14}},"9":{"start":{"line":28,"column":16},"end":{"line":30,"column":17}},"10":{"start":{"line":29,"column":18},"end":{"line":29,"column":30}},"11":{"start":{"line":32,"column":16},"end":{"line":32,"column":30}},"12":{"start":{"line":41,"column":6},"end":{"line":48,"column":8}},"13":{"start":{"line":54,"column":0},"end":{"line":54,"column":39}},"14":{"start":{"line":55,"column":0},"end":{"line":55,"column":24}},"15":{"start":{"line":57,"column":0},"end":{"line":57,"column":26}}},"branchMap":{"1":{"line":19,"type":"if","locations":[{"start":{"line":19,"column":6},"end":{"line":19,"column":6}},{"start":{"line":19,"column":6},"end":{"line":19,"column":6}}]},"2":{"line":28,"type":"if","locations":[{"start":{"line":28,"column":16},"end":{"line":28,"column":16}},{"start":{"line":28,"column":16},"end":{"line":28,"column":16}}]}}},"/home/felipe/Jobs/apps/server-maestro/app/core/repositories/smtp/factoryMailer.js":{"path":"/home/felipe/Jobs/apps/server-maestro/app/core/repositories/smtp/factoryMailer.js","s":{"1":1,"2":1,"3":1,"4":1,"5":1,"6":1,"7":1,"8":1,"9":0,"10":1,"11":1,"12":1,"13":1,"14":1,"15":1,"16":0,"17":0,"18":1,"19":1,"20":1},"b":{"1":[0,1],"2":[0,1]},"f":{"1":1,"2":1,"3":1},"fnMap":{"1":{"name":"(anonymous_1)","line":8,"loc":{"start":{"line":8,"column":15},"end":{"line":8,"column":18}}},"2":{"name":"(anonymous_2)","line":16,"loc":{"start":{"line":16,"column":11},"end":{"line":16,"column":14}}},"3":{"name":"(anonymous_3)","line":54,"loc":{"start":{"line":54,"column":15},"end":{"line":54,"column":18}}}},"statementMap":{"1":{"start":{"line":3,"column":0},"end":{"line":3,"column":41}},"2":{"start":{"line":4,"column":0},"end":{"line":4,"column":53}},"3":{"start":{"line":9,"column":8},"end":{"line":9,"column":86}},"4":{"start":{"line":11,"column":8},"end":{"line":11,"column":31}},"5":{"start":{"line":12,"column":8},"end":{"line":12,"column":32}},"6":{"start":{"line":13,"column":8},"end":{"line":13,"column":20}},"7":{"start":{"line":18,"column":8},"end":{"line":22,"column":10}},"8":{"start":{"line":24,"column":8},"end":{"line":32,"column":9}},"9":{"start":{"line":25,"colum
[...]
end":{"line":44,"column":45}},"17":{"start":{"line":45,"column":20},"end":{"line":45,"column":41}},"18":{"start":{"line":47,"column":16},"end":{"line":47,"column":30}},"19":{"start":{"line":55,"column":8},"end":{"line":55,"column":30}},"20":{"start":{"line":60,"column":0},"end":{"line":60,"column":31}}},"branchMap":{"1":{"line":24,"type":"if","locations":[{"start":{"line":24,"column":8},"end":{"line":24,"column":8}},{"start":{"line":24,"column":8},"end":{"line":24,"column":8}}]},"2":{"line":43,"type":"if","locations":[{"start":{"line":43,"column":16},"end":{"line":43,"column":16}},{"start":{"line":43,"column":16},"end":{"line":43,"column":16}}]}}},"/home/felipe/Jobs/apps/server-maestro/app/core/routers/index.js":{"path":"/home/felipe/Jobs/apps/server-maestro/app/core/routers/index.js","s":{"1":1,"2":8,"3":1},"b":{},"f":{"1":8,"2":1},"fnMap":{"1":{"name":"(anonymous_1)","line":4,"loc":{"start":{"line":4,"column":17},"end":{"line":4,"column":35}}},"2":{"name":"(anonymous_2)","line":6,"loc":{"start":{"line":6,"column":20},"end":{"line":6,"column":40}}}},"statementMap":{"1":{"start":{"line":4,"column":0},"end":{"line":10,"column":2}},"2":{"start":{"line":6,"column":4},"end":{"line":8,"column":7}},"3":{"start":{"line":7,"column":6},"end":{"line":7,"column":57}}},"branchMap":{}},"/home/felipe/Jobs/apps/server-maestro/app/applications/routers/applications.js":{"path":"/home/felipe/Jobs/apps/server-maestro/app/applications/routers/applications.js","s":{"1":1,"2":1,"3":1,"4":1,"5":1,"6":8},"b":{},"f":{"1":8},"fnMap":{"1":{"name":"(anonymous_1)","line":9,"loc":{"start":{"line":9,"column":17},"end":{"line":9,"column":35}}}},"statementMap":{"1":{"start":{"line":3,"column":0},"end":{"line":3,"column":62}},"2":{"start":{"line":5,"column":0},"end":{"line":5,"column":55}},"3":{"start":{"line":6,"column":0},"end":{"line":6,"column":88}},"4":{"start":{"line":7,"column":0},"end":{"line":7,"column":78}},"5":{"start":{"line":9,"column":0},"end":{"line":32,"column":2}},"6":{"start":{"line":11,"column":4},"end":{"line":31,"column":69}}},"branchMap":{}},"/home/felipe/Jobs/apps/server-maestro/app/applications/entities/Application.js":{"path":"/home/felipe/Jobs/apps/server-maestro/app/applications/entities/Application.js","s":{"1":1},"b":{},"f":{},"fnMap":{},"statementMap":{"1":{"start":{"line":3,"column":0},"end":{"line":12,"column":2}}},"branchMap":{}},"/home/felipe/Jobs/apps/server-maestro/app/applications/validators/index.js":{"path":"/home/felipe/Jobs/apps/server-maestro/app/applications/validators/index.js","s":{"1":1,"2":1,"3":1},"b":{},"f":{},"fnMap":{},"statementMap":{"1":{"start":{"line":3,"column":0},"end":{"line":3,"column":27}},"2":{"start":{"line":5,"column":0},"end":{"line":10,"column":3}},"3":{"start":{"line":12,"column":0},"end":{"line":17,"column":2}}},"branchMap":{}},"/home/felipe/Jobs/apps/server-maestro/app/applications/routers/index.js":{"path":"/home/felipe/Jobs/apps/server-maestro/app/applications/routers/index.js","s":{"1":1,"2":1,"3":1,"4":1,"5":1,"6":1,"7":1,"8":8},"b":{},"f":{"1":8},"fnMap":{"1":{"name":"(anonymous_1)","line":13,"loc":{"start":{"line":13,"column":17},"end":{"line":13,"column":35}}}},"statementMap":{"1":{"start":{"line":3,"column":0},"end":{"line":3,"column":62}},"2":{"start":{"line":5,"column":0},"end":{"line":5,"column":55}},"3":{"start":{"line":6,"column":0},"end":{"line":6,"column":45}},"4":{"start":{"line":8,"column":0},"end":{"line":8,"column":108}},"5":{"start":{"line":10,"column":0},"end":{"line":10,"column":65}},"6":{"start":{"line":11,"column":0},"end":{"line":11,"column":58}},"7":{"start":{"line":13,"column":0},"end":{"line":70,"column":2}},"8":{"start":{"line":15,"column":4},"end":{"line":68,"column":100}}},"branchMap":{}},"/home/felipe/Jobs/apps/server-maestro/app/teams/entities/Teams.js":{"path":"/home/felipe/Jobs/apps/server-maestro/app/teams/entities/Teams.js","s":{"1":1},"b":{},"f":{},"fnMap":{},"statementMap":{"1":{"start":{"line":3,"column":0},"end":{"line":12,"column":2}}},"branchMap":{}},"/home/felipe/Jobs/apps/server-maestro/app/teams/validators/index.js":{"path":"/home/felipe/Jobs/apps/server-maestro/app/teams/validators/index.js","s":{"1":1,"2":1,"3":1},"b":{},"f":{},"fnMap":{},"statementMap":{"1":{"start":{"line":3,"column":0},"end":{"line":3,"column":27}},"2":{"start":{"line":5,"column":0},"end":{"line":12,"column":3}},"3":{"start":{"line":14,"column":0},"end":{"line":19,"column":2}}},"branchMap":{}},"/home/felipe/Jobs/apps/server-maestro/app/core/applications/wrapperPersistenceApplication.js":{"path":"/home/felipe/Jobs/apps/server-maestro/app/core/applications/wrapperPersistenceApplication.js","s":{"1":1,"2":1,"3":1,"4":1,"5":1,"6":1,"7":3,"8":3,"9":123,"10":123,"11":15,"12":15,"13":15,"14":15,"15":15,"16":0,"17":15,"18":15,"19":15,"20":15,"21":15,"22":15,"23":0,"24":9,"25":9,"26":9,"27":9,"28":9,"29":9,"30":9,"31":0,"32":12,"33":12,"34":12,"35":12,"36":12,"37":12,"38":0,"39":6,"40":6,"41":6,"42":6,"43":6,"44":6,"45":6,"46":0,"47":1},"b":{},"f":{"1":15,"2":15,"3":9,"4":12,"5":6},"fnMap":{"1":{"name":"(anonymous_1)","line":17,"loc":{"start":{"line":17,"column":13},"end":{"line":17,"column":30}}},"2":{"name":"(anonymous_2)","line":34,"loc":{"start":{"line":34,"column":16},"end":{"line":34,"column":33}}},"3":{"name":"(anonymous_3)","line":52,"loc":{"start":{"line":52,"column":15},"end":{"line":52,"column":32}}},"4":{"name":"(anonymous_4)","line":71,"loc":{"start":{"line":71,"column":15},"end":{"line":71,"column":32}}},"5":{"name":"(anonymous_5)","line":89,"loc":{"start":{"line":89,"column":15},"end":{"line":89,"column":32}}}},"statementMap":{"1":{"start":{"line":3,"column":0},"end":{"line":3,"column":28}},"2":{"start":{"line":4,"column":0},"end":{"line":4,"column":51}},"3":{"start":{"line":6,"column":0},"end":{"line":6,"column":82}},"4":{"start":{"line":7,"column":0},"end":{"line":7,"column":73}},"5":{"start":{"line":9,"column":0},"end":{"line":9,"column":76}},"6":{"start":{"line":12,"column":0},"end":{"line":109,"column":2}},"7":{"start":{"line":12,"column":42},"end":{"line":109,"column":1}},"8":{"start":{"line":12,"column":56},"end":{"line":109,"column":1}},"9":{"start":{"line":14,"column":4},"end":{"line":14,"column":55}},"10":{"start":{"line":16,"column":4},"end":{"line":107,"column":6}},"11":{"start":{"line":18,"column":12},"end":{"line":18,"column":39}},"12":{"start":{"line":20,"column":12},"end":{"line":31,"column":19}},"13":{"start":{"line":24,"column":20},"end":{"line":24,"column":43}},"14":{"start":{"line":25,"column":20},"end":{"line":25,"column":73}},"15":{"start":{"line":27,"column":20},"end":{"line":27,"column":55}},"16":{"start":{"line":30,"column":20},"end":{"line":30,"column":30}},"17":{"start":{"line":35,"column":12},"end":{"line":35,"column":39}},"18":{"start":{"line":37,"column":12},"end":{"line":49,"column":19}},"19":{"start":{"line":41,"column":20},"end":{"line":41,"column":43}},"20":{"start":{"line":42,"column":20},"end":{"line":42,"column":73}},"21":{"start":{"line":43,"column":20},"end":{"line":43,"column":57}},"22":{"start":{"line":45,"column":20},"end":{"line":45,"column":58}},"23":{"start":{"line":48,"column":20},"end":{"line":48,"column":30}},"24":{"start":{"line":53,"column":12},"end":{"line":53,"column":39}},"25":{"start":{"line":55,"column":12},"end":{"line":68,"column":19}},"26":{"start":{"line":59,"column":20},"end":{"line":59,"column":43}},"27":{"start":{"line":60,"column":20},"end":{"line":60,"column":73}},"28":{"start":{"line":61,"column":20},"end":{"line":61,"column":57}},"29":{"start":{"line":62,"column":20},"end":{"line":62,"column":58}},"30":{"start":{"line":64,"column":20},"end":{"line":64,"column":57}},"31":{"start":{"line":67,"column":20},"end":{"line":67,"column":30}},"32":{"start":{"line":72,"column":12},"end":{"line":72,"column":39}},"33":{"start":{"line":74,"column":12},"end":{"line":86,"column":19}},"34":{"start":{"line":78,"column":20},"end":{"line":78,"column":43}},"35":{"start":{"line":79,"column":20},"end":{"line":79,"column":73}},"36":{"start":{"line":80,"column":20},"end":{"line":80,"column":57}},"37":{"start":{"line":82,"column":20},"end":{"line":82,"column":57}},"38":{"start":{"line":85,"column":20},"end":{"line":85,"column":30}},"39":{"start":{"line":90,"column":12},"end":{"line":90,"column":39}},"40":{"start":{"line":92,"column":12},"end":{"line":105,"column":19}},"41":{"start":{"line":96,"column":20},"end":{"line":96,"column":43}},"42":{"start":{"line":97,"column":20},"end":{"line":97,"column":73}},"43":{"start":{"line":98,"column":20},"end":{"line":98,"column":57}},"44":{"start":{"line":99,"column":20},"end":{"line":99,"column":58}},"45":{"start":{"line":101,"column":20},"end":{"line":101,"column":57}},"46":{"start":{"line":104,"column":20},"end":{"line":104,"column":30}},"47":{"start":{"line":112,"column":0},"end":{"line":112,"column":39}}},"branchMap":{}},"/home/felipe/Jobs/apps/server-maestro/app/core/applications/validator/validAccessEmpty.js":{"path":"/home/felipe/Jobs/apps/server-maestro/app/core/applications/validator/validAccessEmpty.js","s":{"1":1,"2":1,"3":1,"4":59,"5":59,"6":1,"7":58},"b":{"1":[1,58]},"f":{"1":59},"fnMap":{"1":{"name":"(anonymous_1)","line":6,"loc":{"start":{"line":6,"column":17},"end":{"line":6,"column":30}}}},"statementMap":{"1":{"start":{"line":3,"column":0},"end":{"line":3,"column":28}},"2":{"start":{"line":4,"column":0},"end":{"line":4,"column":63}},"3":{"start":{"line":6,"column":0},"end":{"line":18,"column":2}},"4":{"start":{"line":8,"column":4},"end":{"line":15,"column":7}},"5":{"start":{"line":10,"column":8},"end":{"line":11,"column":62}},"6":{"start":{"line":11,"column":12},"end":{"line":11,"column":62}},"7":{"start":{"line":13,"column":8},"end":{"line":13,"column":19}}},"branchMap":{"1":{"line":10,"type":"if","locations":[{"start":{"line":10,"column":8},"end":{"line":10,"column":8}},{"start":{"line":10,"column":8},"end":{"line":10,"column":8}}]}}},"/home/felipe/Jobs/apps/server-maestro/app/teams/routers/teams.js":{"path":"/home/felipe/Jobs/apps/server-maestro/app/teams/routers/teams.js","s":{"1":1,"2":1,"3":1,"4":1,"5":1,"6":1,"7":8},"b":{},"f":{"1":8},"fnMap":{"1":{"name":"(anonymous_1)","line":12,"loc":{"start":{"line":12,"column":17},"end":{"line":12,"column":35}}}},"statementMap":{"1":{"start":{"line":3,"column":0},"end":{"line":3,"column":62}},"2":{"start":{"line":6,"column":0},"end":{"line":6,"column":42}},"3":{"start":{"line":7,"column":0},"end":{"line":7,"column":81}},"4":{"start":{"line":8,"column":0},"end":{"line":8,"column":71}},"5":{"start":{"line":10,"column":0},"end":{"line":10,"column":73}},"6":{"start":{"line":12,"column":0},"end":{"line":108,"column":2}},"7":{"start":{"line":35,"column":4},"end":{"line":107,"column":71}}},"branchMap":{}},"/home/felipe/Jobs/apps/server-maestro/app/projects/routers/index.js":{"path":"/home/felipe/Jobs/apps/server-maestro/app/projects/routers/index.js","s":{"1":1,"2":1,"3":1,"4":1,"5":1,"6":1,"7":1,"8":8},"b":{},"f":{"1":8},"fnMap":{"1":{"name":"(anonymous_1)","line":13,"loc":{"start":{"line":13,"column":17},"end":{"line":13,"column":35}}}},"statementMap":{"1":{"start":{"line":3,"column":0},"end":{"line":3,"column":62}},"2":{"start":{"line":5,"column":0},"end":{"line":5,"column":47}},"3":{"start":{"line":6,"column":0},"end":{"line":6,"column":45}},"4":{"start":{"line":8,"column":0},"end":{"line":8,"column":104}},"5":{"start":{"line":10,"column":0},"end":{"line":10,"column":65}},"6":{"start":{"line":11,"column":0},"end":{"line":11,"column":58}},"7":{"start":{"line":13,"column":0},"end":{"line":70,"column":2}},"8":{"start":{"line":15,"column":4},"end":{"line":68,"column":96}}},"branchMap":{}},"/home/felipe/Jobs/apps/server-maestro/app/projects/entities/Project.js":{"path":"/home/felipe/Jobs/apps/server-maestro/app/projects/entities/Project.js","s":{"1":1},"b":{},"f":{},"fnMap":{},"statementMap":{"1":{"start":{"line":3,"column":0},"end":{"line":12,"column":2}}},"branchMap":{}},"/home/felipe/Jobs/apps/server-maestro/app/projects/validators/index.js":{"path":"/home/felipe/Jobs/apps/server-maestro/app/projects/validators/index.js","s":{"1":1,"2":1,"3":1},"b":{},"f":{},"fnMap":{},"statementMap":{"1":{"start":{"line":3,"column":0},"end":{"line":3,"column":27}},"2":{"start":{"line":5,"column":0},"end":{"line":10,"column":3}},"3":{"start":{"line":12,"column":0},"end":{"line":17,"column":2}}},"branchMap":{}},"/home/felipe/Jobs/apps/server-maestro/app/projects/routers/projects.js":{"path":"/home/felipe/Jobs/apps/server-maestro/app/projects/routers/projects.js","s":{"1":1,"2":1,"3":1,"4":1,"5":1,"6":8},"b":{},"f":{"1":8},"fnMap":{"1":{"name":"(anonymous_1)","line":10,"loc":{"start":{"line":10,"column":17},"end":{"line":10,"column":35}}}},"statementMap":{"1":{"start":{"line":3,"column":0},"end":{"line":3,"column":62}},"2":{"start":{"line":5,"column":0},"end":{"line":5,"column":47}},"3":{"start":{"line":6,"column":0},"end":{"line":6,"column":84}},"4":{"start":{"line":7,"column":0},"end":{"line":7,"column":74}},"5":{"start":{"line":10,"column":0},"end":{"line":34,"column":2}},"6":{"start":{"line":12,"column":4},"end":{"line":32,"column":69}}},"branchMap":{}},"/home/felipe/Jobs/apps/server-maestro/app/architectures/routers/architectures.js":{"path":"/home/felipe/Jobs/apps/server-maestro/app/architectures/routers/architectures.js","s":{"1":1,"2":1,"3":1,"4":1,"5":1,"6":8},"b":{},"f":{"1":8},"fnMap":{"1":{"name":"(anonymous_1)","line":10,"loc":{"start":{"line":10,"column":17},"end":{"line":10,"column":35}}}},"statementMap":{"1":{"start":{"line":3,"column":0},"end":{"line":3,"column":62}},"2":{"start":{"line":5,"column":0},"end":{"line":5,"column":57}},"3":{"start":{"line":6,"column":0},"end":{"line":6,"column":89}},"4":{"start":{"line":7,"column":0},"end":{"line":7,"column":79}},"5":{"start":{"line":10,"column":0},"end":{"line":34,"column":2}},"6":{"start":{"line":12,"column":4},"end":{"line":32,"column":67}}},"branchMap":{}},"/home/felipe/Jobs/apps/server-maestro/app/architectures/entities/Architecture.js":{"path":"/home/felipe/Jobs/apps/server-maestro/app/architectures/entities/Architecture.js","s":{"1":1},"b":{},"f":{},"fnMap":{},"statementMap":{"1":{"start":{"line":3,"column":0},"end":{"line":12,"column":2}}},"branchMap":{}},"/home/felipe/Jobs/apps/server-maestro/app/architectures/validators/index.js":{"path":"/home/felipe/Jobs/apps/server-maestro/app/architectures/validators/index.js","s":{"1":1,"2":1,"3":1},"b":{},"f":{},"fnMap":{},"statementMap":{"1":{"start":{"line":3,"column":0},"end":{"line":3,"column":27}},"2":{"start":{"line":5,"column":0},"end":{"line":10,"column":3}},"3":{"start":{"line":12,"column":0},"end":{"line":17,"column":2}}},"branchMap":{}},"/home/felipe/Jobs/apps/server-maestro/app/architectures/routers/index.js":{"path":"/home/felipe/Jobs/apps/server-maestro/app/architectures/routers/index.js","s":{"1":1,"2":1,"3":1,"4":1,"5":1,"6":1,"7":1,"8":8},"b":{},"f":{"1":8},"fnMap":{"1":{"name":"(anonymous_1)","line":13,"loc":{"start":{"line":13,"column":17},"end":{"line":13,"column":35}}}},"statementMap":{"1":{"start":{"line":3,"column":0},"end":{"line":3,"column":62}},"2":{"start":{"line":5,"column":0},"end":{"line":5,"column":57}},"3":{"start":{"line":6,"column":0},"end":{"line":6,"column":45}},"4":{"start":{"line":8,"column":0},"end":{"line":8,"column":109}},"5":{"start":{"line":10,"column":0},"end":{"line":10,"column":65}},"6":{"start":{"line":11,"column":0},"end":{"line":11,"column":58}},"7":{"start":{"line":13,"column":0},"end":{"line":70,"column":2}},"8":{"start":{"line":15,"column":4},"end":{"line":68,"column":101}}},"branchMap":{}},"/home/felipe/Jobs/apps/server-maestro/app/core/middlewares/404.js":{"path":"/home/felipe/Jobs/apps/server-maestro/app/core/middlewares/404.js","s":{"1":1,"2":8,"3":0},"b":{},"f":{"1":8,"2":0},"fnMap":{"1":{"name":"(anonymous_1)","line":3,"loc":{"start":{"line":3,"column":17},"end":{"line":3,"column":29}}},"2":{"name":"(anonymous_2)","line":4,"loc":{"start":{"line":4,"column":11},"end":{"line":4,"column":31}}}},"statementMap":{"1":{"start":{"line":3,"column":0},"end":{"line":7,"column":2}},"2":{"start":{"line":4,"column":4},"end":{"line":6,"column":6}},"3":{"start":{"line":5,"column":8},"end":{"line":5,"column":60}}},"branchMap":{}},"/home/felipe/Jobs/apps/server-maestro/app/core/middlewares/validatorResponse.js":{"path":"/home/felipe/Jobs/apps/server-maestro/app/core/middlewares/validatorResponse.js","s":{"1":1,"2":8,"3":32,"4":22,"5":22,"6":32},"b":{"1":[22,10]},"f":{"1":8,"2":32},"fnMap":{"1":{"name":"(anonymous_1)","line":3,"loc":{"start":{"line":3,"column":18},"end":{"line":3,"column":30}}},"2":{"name":"(anonymous_2)","line":4,"loc":{"start":{"line":4,"column":11},"end":{"line":4,"column":42}}}},"statementMap":{"1":{"start":{"line":3,"column":1},"end":{"line":12,"column":2}},"2":{"start":{"line":4,"column":4},"end":{"line":11,"column":6}},"3":{"start":{"line":6,"column":8},"end":{"line":9,"column":9}},"4":{"start":{"line":7,"column":10},"end":{"line":7,"column":36}},"5":{"start":{"line":8,"column":10},"end":{"line":8,"column":17}},"6":{"start":{"line":10,"column":8},"end":{"line":10,"column":18}}},"branchMap":{"1":{"line":6,"type":"if","locations":[{"start":{"line":6,"column":8},"end":{"line":6,"column":8}},{"start":{"line":6,"column":8},"end":{"line":6,"column":8}}]}}},"/home/felipe/Jobs/apps/server-maestro/app/core/middlewares/permissionResponse.js":{"path":"/home/felipe/Jobs/apps/server-maestro/app/core/middlewares/permissionResponse.js","s":{"1":1,"2":8,"3":10,"4":7,"5":7,"6":10},"b":{"1":[7,3]},"f":{"1":8,"2":10},"fnMap":{"1":{"name":"(anonymous_1)","line":3,"loc":{"start":{"line":3,"column":17},"end":{"line":3,"column":29}}},"2":{"name":"(anonymous_2)","line":4,"loc":{"start":{"line":4,"column":11},"end":{"line":4,"column":42}}}},"statementMap":{"1":{"start":{"line":3,"column":0},"end":{"line":12,"column":2}},"2":{"start":{"line":4,"column":4},"end":{"line":11,"column":6}},"3":{"start":{"line":6,"column":8},"end":{"line":9,"column":9}},"4":{"start":{"line":7,"column":10},"end":{"line":7,"column":36}},"5":{"start":{"line":8,"column":10},"end":{"line":8,"column":17}},"6":{"start":{"line":10,"column":8},"end":{"line":10,"column":18}}},"branchMap":{"1":{"line":6,"type":"if","locations":[{"start":{"line":6,"column":8},"end":{"line":6,"column":8}},{"start":{"line":6,"column":8},"end":{"line":6,"column":8}}]}}},"/home/felipe/Jobs/apps/server-maestro/app/core/middlewares/conflicResponse.js":{"path":"/home/felipe/Jobs/apps/server-maestro/app/core/middlewares/conflicResponse.js","s":{"1":1,"2":8,"3":3,"4":2,"5":2,"6":3},"b":{"1":[2,1]},"f":{"1":8,"2":3},"fnMap":{"1":{"name":"(anonymous_1)","line":3,"loc":{"start":{"line":3,"column":17},"end":{"line":3,"column":29}}},"2":{"name":"(anonymous_2)","line":4,"loc":{"start":{"line":4,"column":11},"end":{"line":4,"column":42}}}},"statementMap":{"1":{"start":{"line":3,"column":0},"end":{"line":11,"column":2}},"2":{"start":{"line":4,"column":4},"end":{"line":10,"column":6}},"3":{"start":{"line":5,"column":8},"end":{"line":8,"column":9}},"4":{"start":{"line":6,"column":10},"end":{"line":6,"column":36}},"5":{"start":{"line":7,"column":10},"end":{"line":7,"column":17}},"6":{"start":{"line":9,"column":8},"end":{"line":9,"column":18}}},"branchMap":{"1":{"line":5,"type":"if","locations":[{"start":{"line":5,"column":8},"end":{"line":5,"column":8}},{"start":{"line":5,"column":8},"end":{"line":5,"column":8}}]}}},"/home/felipe/Jobs/apps/server-maestro/app/core/middlewares/errorCatcher.js":{"path":"/home/felipe/Jobs/apps/server-maestro/app/core/middlewares/errorCatcher.js","s":{"1":1,"2":8,"3":31},"b":{},"f":{"1":8,"2":31},"fnMap":{"1":{"name":"(anonymous_1)","line":3,"loc":{"start":{"line":3,"column":17},"end":{"line":3,"column":29}}},"2":{"name":"(anonymous_2)","line":4,"loc":{"start":{"line":4,"column":11},"end":{"line":4,"column":36}}}},"statementMap":{"1":{"start":{"line":3,"column":0},"end":{"line":7,"column":2}},"2":{"start":{"line":4,"column":4},"end":{"line":6,"column":6}},"3":{"start":{"line":5,"column":8},"end":{"line":5,"column":50}}},"branchMap":{}}}