TN:
SF:/home/felipe/Jobs/apps/server-maestro/app/core/libs/db_run.js
FN:8,run
FN:9,(anonymous_2)
FNF:2
FNH:1
FNDA:9,run
FNDA:0,(anonymous_2)
DA:3,1
DA:8,1
DA:9,9
DA:10,0
LF:4
LH:3
BRF:0
BRH:0
end_of_record
TN:
SF:/home/felipe/Jobs/apps/server-maestro/app/core/entities/accessRole.js
FNF:0
FNH:0
DA:3,1
DA:5,1
DA:7,1
LF:3
LH:3
BRF:0
BRH:0
end_of_record
TN:
SF:/home/felipe/Jobs/apps/server-maestro/app/core/applications/accessApplication.js
FN:19,(anonymous_1)
FN:32,(anonymous_2)
FN:42,(anonymous_3)
FNF:3
FNH:1
FNDA:0,(anonymous_1)
FNDA:6,(anonymous_2)
FNDA:0,(anonymous_3)
DA:3,1
DA:5,1
DA:7,1
DA:9,10
DA:13,9
DA:16,8
DA:18,8
DA:20,0
DA:26,14
DA:29,7
DA:31,7
DA:33,6
DA:39,7
DA:41,6
DA:43,0
DA:50,1
LF:16
LH:14
BRF:0
BRH:0
end_of_record
TN:
SF:/home/felipe/Jobs/apps/server-maestro/app/core/services/AccessServices.js
FN:21,(anonymous_1)
FN:46,(anonymous_2)
FN:61,(anonymous_3)
FNF:3
FNH:3
FNDA:21,(anonymous_1)
FNDA:8,(anonymous_2)
FNDA:14,(anonymous_3)
DA:3,1
DA:4,1
DA:5,1
DA:7,1
DA:8,1
DA:9,1
DA:11,1
DA:13,1
DA:14,1
DA:16,1
DA:18,43
DA:20,43
DA:23,21
DA:25,21
DA:27,15
DA:28,15
DA:37,15
DA:38,15
DA:40,15
DA:48,8
DA:50,8
DA:52,8
DA:54,8
DA:56,8
DA:63,14
DA:64,14
DA:66,14
DA:72,14
DA:80,1
LF:29
LH:29
BRDA:30,1,0,15
BRDA:30,1,1,0
BRF:2
BRH:1
end_of_record
TN:
SF:/home/felipe/Jobs/apps/server-maestro/app/core/repositories/DBRepository.js
FN:20,(anonymous_1)
FN:37,(anonymous_2)
FN:54,(anonymous_3)
FN:63,(anonymous_4)
FN:83,(anonymous_5)
FN:102,(anonymous_6)
FN:121,(anonymous_7)
FN:138,(anonymous_8)
FNF:8
FNH:8
FNDA:38,(anonymous_1)
FNDA:289,(anonymous_2)
FNDA:38,(anonymous_3)
FNDA:20,(anonymous_4)
FNDA:15,(anonymous_5)
FNDA:14,(anonymous_6)
FNDA:36,(anonymous_7)
FNDA:11,(anonymous_8)
DA:3,1
DA:5,1
DA:6,1
DA:8,1
DA:9,1
DA:11,1
DA:12,1
DA:15,1
DA:17,449
DA:19,449
DA:22,38
DA:23,38
DA:25,38
DA:32,51
DA:39,289
DA:40,289
DA:42,289
DA:45,289
DA:46,271
DA:48,289
DA:55,38
DA:57,38
DA:59,38
DA:65,20
DA:67,20
DA:68,20
DA:70,13
DA:73,13
DA:76,12
DA:85,15
DA:87,15
DA:89,15
DA:92,15
DA:95,15
DA:104,14
DA:106,14
DA:108,14
DA:111,14
DA:114,14
DA:123,36
DA:125,36
DA:126,36
DA:128,30
DA:131,30
DA:140,11
DA:141,11
DA:143,11
DA:146,11
DA:156,1
LF:49
LH:49
BRDA:45,1,0,271
BRDA:45,1,1,18
BRF:2
BRH:2
end_of_record
TN:
SF:/home/felipe/Jobs/apps/server-maestro/app/core/repositories/daos/DBConnector.js
FN:11,(anonymous_1)
FN:19,(anonymous_2)
FN:24,(anonymous_3)
FN:28,(anonymous_4)
FN:38,(anonymous_5)
FN:44,(anonymous_6)
FN:49,(anonymous_7)
FN:53,(anonymous_8)
FN:76,(anonymous_9)
FNF:9
FNH:8
FNDA:405,(anonymous_1)
FNDA:83,(anonymous_2)
FNDA:0,(anonymous_3)
FNDA:13,(anonymous_4)
FNDA:24,(anonymous_5)
FNDA:15,(anonymous_6)
FNDA:14,(anonymous_7)
FNDA:53,(anonymous_8)
FNDA:449,(anonymous_9)
DA:3,1
DA:5,1
DA:6,1
DA:12,405
DA:13,405
DA:20,83
DA:21,13
DA:25,0
DA:29,13
DA:39,24
DA:41,24
DA:46,15
DA:50,14
DA:55,53
DA:57,53
DA:60,53
DA:63,53
DA:76,1
DA:78,449
DA:80,449
LF:20
LH:19
BRDA:20,1,0,13
BRDA:20,1,1,70
BRF:2
BRH:2
end_of_record
TN:
SF:/home/felipe/Jobs/apps/server-maestro/app/core/libs/crypto.js
FN:11,(anonymous_1)
FN:13,(anonymous_2)
FN:20,(anonymous_3)
FN:27,(anonymous_4)
FNF:4
FNH:4
FNDA:1,(anonymous_1)
FNDA:13,(anonymous_2)
FNDA:2,(anonymous_3)
FNDA:1,(anonymous_4)
DA:7,1
DA:9,1
DA:11,1
DA:12,1
DA:13,1
DA:14,13
DA:18,1
DA:20,1
DA:21,2
DA:22,2
DA:23,2
DA:24,2
DA:27,1
DA:28,1
DA:29,1
DA:30,1
DA:31,1
LF:17
LH:17
BRDA:9,1,0,1
BRDA:9,1,1,1
BRF:2
BRH:2
end_of_record
TN:
SF:/home/felipe/Jobs/apps/server-maestro/app/core/libs/factoryPromisefy.js
FNF:0
FNH:0
DA:3,1
DA:5,731
DA:7,731
DA:9,682
DA:12,27
LF:5
LH:5
BRF:0
BRH:0
end_of_record
TN:
SF:/home/felipe/Jobs/apps/server-maestro/app/core/repositories/transforms/findFilledFormat.js
FNF:0
FNH:0
DA:3,1
DA:4,1
DA:6,1
DA:7,134
DA:8,134
DA:10,134
LF:6
LH:6
BRF:0
BRH:0
end_of_record
TN:
SF:/home/felipe/Jobs/apps/server-maestro/app/core/repositories/transforms/activeFormat.js
FN:5,(anonymous_1)
FN:9,(anonymous_2)
FNF:2
FNH:2
FNDA:425,(anonymous_1)
FNDA:13,(anonymous_2)
DA:3,1
DA:6,425
DA:10,13
LF:3
LH:3
BRF:0
BRH:0
end_of_record
TN:
SF:/home/felipe/Jobs/apps/server-maestro/app/core/repositories/validator/validAccessUpdater.js
FN:5,(anonymous_1)
FNF:1
FNH:1
FNDA:55,(anonymous_1)
DA:3,1
DA:5,1
DA:7,55
DA:9,55
DA:10,4
DA:12,51
LF:6
LH:6
BRDA:9,1,0,4
BRDA:9,1,1,51
BRDA:9,2,0,55
BRDA:9,2,1,55
BRF:4
BRH:4
end_of_record
TN:
SF:/home/felipe/Jobs/apps/server-maestro/app/core/errors/permissionError.js
FN:3,PermissionError
FNF:1
FNH:1
FNDA:9,PermissionError
DA:3,1
DA:4,9
DA:5,9
DA:8,1
DA:10,1
LF:5
LH:5
BRF:0
BRH:0
end_of_record
TN:
SF:/home/felipe/Jobs/apps/server-maestro/app/core/libs/factoryValid.js
FNF:0
FNH:0
DA:3,1
DA:4,1
DA:6,1
DA:8,106
DA:10,106
DA:11,23
DA:14,83
LF:7
LH:7
BRDA:10,1,0,23
BRDA:10,1,1,83
BRF:2
BRH:2
end_of_record
TN:
SF:/home/felipe/Jobs/apps/server-maestro/app/core/errors/validatorError.js
FN:3,ValidatorError
FNF:1
FNH:1
FNDA:24,ValidatorError
DA:3,1
DA:4,24
DA:5,24
DA:6,24
DA:9,1
DA:11,1
LF:6
LH:6
BRF:0
BRH:0
end_of_record
TN:
SF:/home/felipe/Jobs/apps/server-maestro/app/core/services/validator/validNotEqual.js
FN:3,(anonymous_1)
FNF:1
FNH:1
FNDA:16,(anonymous_1)
DA:3,1
DA:5,16
LF:2
LH:2
BRF:0
BRH:0
end_of_record
TN:
SF:/home/felipe/Jobs/apps/server-maestro/app/core/services/transforms/accessMergeTransform.js
FN:6,makeAccess
FN:24,(anonymous_2)
FNF:2
FNH:2
FNDA:187,makeAccess
FNDA:187,(anonymous_2)
DA:3,1
DA:4,1
DA:6,1
DA:7,187
DA:9,187
DA:10,0
DA:12,187
DA:14,187
DA:24,1
DA:25,187
DA:27,187
DA:28,148
DA:30,187
DA:31,0
DA:32,0
DA:34,187
DA:37,187
DA:38,0
DA:40,187
LF:19
LH:15
BRDA:9,1,0,0
BRDA:9,1,1,187
BRDA:27,2,0,148
BRDA:27,2,1,39
BRDA:30,3,0,0
BRDA:30,3,1,187
BRDA:37,4,0,0
BRDA:37,4,1,187
BRF:8
BRH:5
end_of_record
TN:
SF:/home/felipe/Jobs/apps/server-maestro/app/core/validators/accessValid.js
FNF:0
FNH:0
DA:3,1
DA:5,1
DA:13,1
DA:20,1
LF:4
LH:4
BRF:0
BRH:0
end_of_record
TN:
SF:/home/felipe/Jobs/apps/server-maestro/app/core/applications/transforms/hateoasTransform.js
FN:15,(anonymous_1)
FN:30,(anonymous_2)
FN:44,(anonymous_3)
FNF:3
FNH:3
FNDA:16,(anonymous_1)
FNDA:39,(anonymous_2)
FNDA:70,(anonymous_3)
DA:3,1
DA:4,1
DA:5,1
DA:7,1
DA:9,1
DA:10,207
DA:11,207
DA:12,207
DA:15,1
DA:17,16
DA:18,0
DA:21,16
DA:30,1
DA:31,39
DA:33,39
DA:38,52
DA:44,1
DA:45,70
DA:46,69
DA:48,70
LF:20
LH:19
BRDA:17,1,0,0
BRDA:17,1,1,16
BRDA:45,2,0,54
BRDA:45,2,1,16
BRF:4
BRH:3
end_of_record
TN:
SF:/home/felipe/Jobs/apps/server-maestro/app/core/applications/transforms/helpers/base_url.js
FNF:0
FNH:0
DA:3,1
LF:1
LH:1
BRDA:3,1,0,1
BRDA:3,1,1,0
BRF:2
BRH:1
end_of_record
TN:
SF:/home/felipe/Jobs/apps/server-maestro/app/core/applications/transforms/helpers/createLinkPagination.js
FN:6,(anonymous_1)
FNF:1
FNH:1
FNDA:41,(anonymous_1)
DA:3,1
DA:4,1
DA:6,1
DA:7,41
DA:9,41
DA:11,41
DA:12,8
DA:16,41
DA:17,1
DA:21,41
DA:22,7
DA:28,41
LF:12
LH:12
BRDA:11,1,0,8
BRDA:11,1,1,33
BRDA:16,2,0,1
BRDA:16,2,1,40
BRDA:21,3,0,7
BRDA:21,3,1,34
BRF:6
BRH:6
end_of_record
TN:
SF:/home/felipe/Jobs/apps/server-maestro/app/core/applications/transforms/helpers/factoryObjHateoas.js
FNF:0
FNH:0
DA:3,304
LF:1
LH:1
BRF:0
BRH:0
end_of_record
TN:
SF:/home/felipe/Jobs/apps/server-maestro/app/core/applications/persistenceApplication.js
FN:18,(anonymous_1)
FN:33,(anonymous_2)
FN:38,(anonymous_3)
FN:46,(anonymous_4)
FN:51,(anonymous_5)
FN:59,(anonymous_6)
FN:65,(anonymous_7)
FN:70,(anonymous_8)
FN:75,(anonymous_9)
FN:95,(anonymous_10)
FN:101,(anonymous_11)
FN:106,(anonymous_12)
FNF:12
FNH:9
FNDA:36,(anonymous_1)
FNDA:0,(anonymous_2)
FNDA:40,(anonymous_3)
FNDA:0,(anonymous_4)
FNDA:5,(anonymous_5)
FNDA:0,(anonymous_6)
FNDA:21,(anonymous_7)
FNDA:9,(anonymous_8)
FNDA:40,(anonymous_9)
FNDA:7,(anonymous_10)
FNDA:12,(anonymous_11)
FNDA:2,(anonymous_12)
DA:3,1
DA:5,1
DA:7,1
DA:9,1
DA:10,1
DA:11,1
DA:14,1
DA:16,135
DA:20,36
DA:21,36
DA:22,36
DA:24,36
DA:27,34
DA:30,34
DA:32,34
DA:34,0
DA:40,40
DA:43,39
DA:45,39
DA:47,0
DA:53,5
DA:56,4
DA:58,4
DA:60,0
DA:67,21
DA:69,11
DA:71,9
DA:76,40
DA:78,40
DA:79,40
DA:81,40
DA:82,24
DA:89,40
DA:92,30
DA:94,30
DA:96,7
DA:103,12
DA:105,9
DA:107,2
DA:114,1
LF:40
LH:37
BRDA:81,1,0,24
BRDA:81,1,1,16
BRF:2
BRH:2
end_of_record
TN:
SF:/home/felipe/Jobs/apps/server-maestro/app/core/services/PersistenceServices.js
FN:19,(anonymous_1)
FN:36,(anonymous_2)
FN:47,(anonymous_3)
FN:61,(anonymous_4)
FN:74,(anonymous_5)
FN:81,(anonymous_6)
FNF:6
FNH:6
FNDA:38,(anonymous_1)
FNDA:92,(anonymous_2)
FNDA:4,(anonymous_3)
FNDA:17,(anonymous_4)
FNDA:22,(anonymous_5)
FNDA:10,(anonymous_6)
DA:3,1
DA:5,1
DA:6,1
DA:8,1
DA:10,1
DA:13,1
DA:15,202
DA:17,202
DA:21,38
DA:23,38
DA:24,38
DA:25,38
DA:27,38
DA:29,38
DA:38,92
DA:40,92
DA:42,92
DA:49,4
DA:51,4
DA:52,4
DA:53,4
DA:56,4
DA:63,17
DA:65,17
DA:67,17
DA:69,17
DA:75,22
DA:76,22
DA:83,10
DA:85,10
DA:87,10
DA:95,1
LF:32
LH:32
BRDA:52,1,0,4
BRDA:52,1,1,0
BRF:2
BRH:1
end_of_record
TN:
SF:/home/felipe/Jobs/apps/server-maestro/app/core/applications/transforms/formatFirstRole.js
FN:5,(anonymous_1)
FNF:1
FNH:1
FNDA:26,(anonymous_1)
DA:3,1
DA:5,1
DA:7,26
DA:8,26
DA:10,26
LF:5
LH:5
BRF:0
BRH:0
end_of_record
TN:
SF:/home/felipe/Jobs/apps/server-maestro/app/core/applications/validator/validNotFound.js
FN:4,(anonymous_1)
FNF:1
FNH:1
FNDA:36,(anonymous_1)
DA:4,1
DA:6,36
DA:8,36
DA:10,36
DA:11,2
DA:13,36
LF:6
LH:6
BRDA:10,1,0,2
BRDA:10,1,1,34
BRDA:10,2,0,36
BRDA:10,2,1,2
BRF:4
BRH:4
end_of_record
TN:
SF:/home/felipe/Jobs/apps/server-maestro/app/core/applications/uploadApplication.js
FN:10,(anonymous_1)
FN:15,(anonymous_2)
FNF:2
FNH:1
FNDA:1,(anonymous_1)
FNDA:0,(anonymous_2)
DA:3,1
DA:6,1
DA:8,3
DA:12,1
DA:14,0
DA:16,0
DA:23,1
LF:7
LH:5
BRF:0
BRH:0
end_of_record
TN:
SF:/home/felipe/Jobs/apps/server-maestro/app/core/services/UploaderService.js
FN:11,(anonymous_1)
FNF:1
FNH:0
FNDA:0,(anonymous_1)
DA:3,1
DA:4,1
DA:6,1
DA:8,1
DA:10,0
DA:13,0
DA:14,0
DA:15,0
DA:17,0
DA:19,0
DA:26,1
LF:11
LH:5
BRF:0
BRH:0
end_of_record
TN:
SF:/home/felipe/Jobs/apps/server-maestro/app/core/repositories/uploaderRepository.js
FN:11,(anonymous_1)
FNF:1
FNH:0
FNDA:0,(anonymous_1)
DA:3,1
DA:4,1
DA:5,1
DA:8,1
DA:10,0
DA:12,0
DA:14,0
DA:15,0
DA:16,0
DA:17,0
DA:19,0
DA:27,0
DA:28,0
DA:29,0
DA:32,0
DA:38,0
DA:46,1
LF:17
LH:5
BRDA:28,1,0,0
BRDA:28,1,1,0
BRF:2
BRH:0
end_of_record
TN:
SF:/home/felipe/Jobs/apps/server-maestro/app/core/repositories/maps/mapFileType.js
FN:3,(anonymous_1)
FNF:1
FNH:1
FNDA:3,(anonymous_1)
DA:3,1
DA:5,3
DA:12,3
DA:13,2
DA:16,1
LF:5
LH:5
BRDA:12,1,0,2
BRDA:12,1,1,1
BRDA:12,2,0,3
BRDA:12,2,1,3
BRF:4
BRH:4
end_of_record
TN:
SF:/home/felipe/Jobs/apps/server-maestro/app/core/errors/uploaderError.js
FN:3,UploaderError
FNF:1
FNH:0
FNDA:0,UploaderError
DA:3,1
DA:4,0
DA:5,0
DA:6,0
DA:9,1
DA:11,1
LF:6
LH:3
BRF:0
BRH:0
end_of_record
TN:
SF:/home/felipe/Jobs/apps/server-maestro/app/core/services/validator/uploadValid.js
FN:17,(anonymous_1)
FN:28,(anonymous_2)
FN:38,(anonymous_3)
FN:46,(anonymous_4)
FNF:4
FNH:4
FNDA:3,(anonymous_1)
FNDA:2,(anonymous_2)
FNDA:2,(anonymous_3)
FNDA:1,(anonymous_4)
DA:3,1
DA:5,1
DA:7,3
DA:13,3
DA:14,3
DA:16,3
DA:18,3
DA:20,3
DA:21,1
DA:24,2
DA:25,2
DA:29,2
DA:30,2
DA:31,1
DA:34,1
DA:35,1
DA:39,2
DA:40,1
DA:43,1
DA:48,1
DA:49,1
DA:50,1
DA:57,1
LF:23
LH:23
BRDA:20,1,0,1
BRDA:20,1,1,2
BRDA:20,2,0,3
BRDA:20,2,1,3
BRDA:30,3,0,1
BRDA:30,3,1,1
BRDA:39,4,0,1
BRDA:39,4,1,1
BRDA:39,5,0,2
BRDA:39,5,1,1
BRDA:48,6,0,1
BRDA:48,6,1,0
BRF:12
BRH:11
end_of_record
TN:
SF:/home/felipe/Jobs/apps/server-maestro/app/core/middlewares/cors.js
FN:3,(anonymous_1)
FN:4,(anonymous_2)
FNF:2
FNH:2
FNDA:8,(anonymous_1)
FNDA:241,(anonymous_2)
DA:3,1
DA:4,8
DA:5,241
DA:6,241
DA:7,241
DA:8,241
LF:6
LH:6
BRF:0
BRH:0
end_of_record
TN:
SF:/home/felipe/Jobs/apps/server-maestro/app/core/middlewares/tokenization.js
FN:5,(anonymous_1)
FNF:1
FNH:1
FNDA:8,(anonymous_1)
DA:3,1
DA:5,1
DA:6,8
LF:3
LH:3
BRF:0
BRH:0
end_of_record
TN:
SF:/home/felipe/Jobs/apps/server-maestro/app/profile/config/auth_conector.js
FN:15,(anonymous_1)
FN:16,(anonymous_2)
FNF:2
FNH:2
FNDA:568,(anonymous_1)
FNDA:161,(anonymous_2)
DA:3,1
DA:4,1
DA:5,1
DA:7,1
DA:8,1
DA:10,1
DA:12,1
DA:15,1
DA:16,568
DA:18,161
DA:20,161
DA:21,161
DA:24,161
DA:25,160
DA:28,1
DA:30,0
DA:35,568
DA:37,568
DA:39,8
DA:42,560
LF:20
LH:19
BRDA:20,1,0,161
BRDA:20,1,1,0
BRDA:24,2,0,160
BRDA:24,2,1,1
BRF:4
BRH:3
end_of_record
TN:
SF:/home/felipe/Jobs/apps/server-maestro/app/profile/entities/Users.js
FNF:0
FNH:0
DA:3,1
LF:1
LH:1
BRF:0
BRH:0
end_of_record
TN:
SF:/home/felipe/Jobs/apps/server-maestro/app/profile/validators/index.js
FNF:0
FNH:0
DA:3,1
DA:5,1
DA:11,1
DA:26,1
LF:4
LH:4
BRF:0
BRH:0
end_of_record
TN:
SF:/home/felipe/Jobs/apps/server-maestro/app/profile/config/auth_config.js
FNF:0
FNH:0
DA:3,1
DA:5,1
LF:2
LH:2
BRDA:7,1,0,1
BRDA:7,1,1,0
BRF:2
BRH:1
end_of_record
TN:
SF:/home/felipe/Jobs/apps/server-maestro/app/profile/routers/me.js
FN:15,(anonymous_1)
FN:18,(anonymous_2)
FN:24,(anonymous_3)
FN:30,(anonymous_4)
FNF:4
FNH:4
FNDA:8,(anonymous_1)
FNDA:3,(anonymous_2)
FNDA:3,(anonymous_3)
FNDA:1,(anonymous_4)
DA:3,1
DA:5,1
DA:11,1
DA:12,1
DA:15,1
DA:17,8
DA:19,3
DA:21,3
DA:25,3
DA:27,3
DA:31,1
DA:33,1
LF:12
LH:12
BRF:0
BRH:0
end_of_record
TN:
SF:/home/felipe/Jobs/apps/server-maestro/app/core/middlewares/authenticate.js
FN:5,(anonymous_1)
FNF:1
FNH:1
FNDA:560,(anonymous_1)
DA:3,1
DA:5,1
DA:6,560
LF:3
LH:3
BRF:0
BRH:0
end_of_record
TN:
SF:/home/felipe/Jobs/apps/server-maestro/app/profile/services/PersistenceServices.js
FN:19,(anonymous_1)
FN:31,(anonymous_2)
FN:40,(anonymous_3)
FN:54,(anonymous_4)
FNF:4
FNH:4
FNDA:15,(anonymous_1)
FNDA:4,(anonymous_2)
FNDA:3,(anonymous_3)
FNDA:1,(anonymous_4)
DA:3,1
DA:5,1
DA:6,1
DA:8,1
DA:10,1
DA:13,1
DA:15,24
DA:17,24
DA:21,15
DA:23,15
DA:25,14
DA:33,4
DA:35,4
DA:41,3
DA:43,3
DA:46,2
DA:47,2
DA:56,1
DA:58,1
DA:65,1
LF:20
LH:20
BRF:0
BRH:0
end_of_record
TN:
SF:/home/felipe/Jobs/apps/server-maestro/app/profile/services/validator/validDuplicateUser.js
FN:6,(anonymous_1)
FNF:1
FNH:1
FNDA:18,(anonymous_1)
DA:3,1
DA:4,1
DA:6,1
DA:8,18
DA:9,18
DA:11,18
DA:15,18
DA:16,2
DA:17,2
DA:20,16
DA:23,2
LF:11
LH:11
BRDA:15,1,0,2
BRDA:15,1,1,16
BRF:2
BRH:2
end_of_record
TN:
SF:/home/felipe/Jobs/apps/server-maestro/app/core/errors/conflictError.js
FN:3,ConflictError
FNF:1
FNH:1
FNDA:2,ConflictError
DA:3,1
DA:4,2
DA:5,2
DA:6,2
DA:9,1
DA:11,1
LF:6
LH:6
BRF:0
BRH:0
end_of_record
TN:
SF:/home/felipe/Jobs/apps/server-maestro/app/profile/routers/users/index.js
FN:18,(anonymous_1)
FNF:1
FNH:1
FNDA:8,(anonymous_1)
DA:3,1
DA:5,1
DA:6,1
DA:12,1
DA:13,1
DA:14,1
DA:16,1
DA:18,1
DA:20,8
DA:28,0
LF:10
LH:9
BRF:0
BRH:0
end_of_record
TN:
SF:/home/felipe/Jobs/apps/server-maestro/app/profile/entities/Auth.js
FNF:0
FNH:0
DA:3,1
LF:1
LH:1
BRF:0
BRH:0
end_of_record
TN:
SF:/home/felipe/Jobs/apps/server-maestro/app/profile/validators/auth.js
FNF:0
FNH:0
DA:3,1
DA:5,1
DA:11,1
DA:16,1
DA:21,1
DA:26,1
DA:33,1
LF:7
LH:7
BRF:0
BRH:0
end_of_record
TN:
SF:/home/felipe/Jobs/apps/server-maestro/app/profile/applications/authApplication.js
FN:8,(anonymous_1)
FN:13,(anonymous_2)
FN:19,(anonymous_3)
FN:24,(anonymous_4)
FN:30,(anonymous_5)
FN:35,(anonymous_6)
FN:41,(anonymous_7)
FN:46,(anonymous_8)
FNF:8
FNH:8
FNDA:11,(anonymous_1)
FNDA:2,(anonymous_2)
FNDA:3,(anonymous_3)
FNDA:2,(anonymous_4)
FNDA:2,(anonymous_5)
FNDA:2,(anonymous_6)
FNDA:1,(anonymous_7)
FNDA:1,(anonymous_8)
DA:3,1
DA:5,1
DA:7,1
DA:10,11
DA:12,9
DA:14,2
DA:21,3
DA:23,1
DA:25,2
DA:32,2
DA:34,0
DA:36,2
DA:43,1
DA:45,0
DA:47,1
DA:54,1
LF:16
LH:14
BRF:0
BRH:0
end_of_record
TN:
SF:/home/felipe/Jobs/apps/server-maestro/app/profile/services/AuthService.js
FN:22,(anonymous_1)
FN:43,(anonymous_2)
FN:63,(anonymous_3)
FN:89,(anonymous_4)
FNF:4
FNH:4
FNDA:13,(anonymous_1)
FNDA:3,(anonymous_2)
FNDA:2,(anonymous_3)
FNDA:1,(anonymous_4)
DA:3,1
DA:4,1
DA:5,1
DA:7,1
DA:8,1
DA:10,1
DA:11,1
DA:12,1
DA:14,1
DA:15,1
DA:17,1
DA:19,19
DA:21,19
DA:24,13
DA:26,13
DA:27,13
DA:29,13
DA:30,13
DA:32,13
DA:35,13
DA:38,10
DA:45,3
DA:47,3
DA:48,3
DA:50,2
DA:53,1
DA:54,1
DA:55,1
DA:57,1
DA:65,2
DA:67,2
DA:68,2
DA:70,1
DA:72,1
DA:75,1
DA:78,1
DA:91,1
DA:93,1
DA:94,1
DA:96,0
DA:98,0
DA:99,0
DA:100,0
DA:102,0
DA:112,1
LF:45
LH:40
BRF:0
BRH:0
end_of_record
TN:
SF:/home/felipe/Jobs/apps/server-maestro/app/profile/services/validator/validPassMatch.js
FN:7,(anonymous_1)
FNF:1
FNH:1
FNDA:13,(anonymous_1)
DA:3,1
DA:4,1
DA:7,1
DA:9,13
DA:11,13
DA:12,12
DA:13,10
DA:14,10
DA:18,3
LF:9
LH:9
BRDA:11,1,0,12
BRDA:11,1,1,1
BRDA:12,2,0,10
BRDA:12,2,1,2
BRDA:12,3,0,12
BRDA:12,3,1,12
BRF:6
BRH:6
end_of_record
TN:
SF:/home/felipe/Jobs/apps/server-maestro/app/profile/transforms/tokenTransform.js
FNF:0
FNH:0
DA:3,1
DA:4,1
DA:6,10
LF:3
LH:3
BRF:0
BRH:0
end_of_record
TN:
SF:/home/felipe/Jobs/apps/server-maestro/app/profile/transforms/forgotEmailTransform.js
FN:8,(anonymous_1)
FNF:1
FNH:1
FNDA:1,(anonymous_1)
DA:3,1
DA:4,1
DA:6,1
DA:8,1
DA:10,1
DA:12,1
DA:16,1
DA:19,1
DA:21,1
DA:22,1
DA:25,1
DA:27,1
LF:12
LH:12
BRDA:21,1,0,1
BRDA:21,1,1,0
BRF:2
BRH:1
end_of_record
TN:
SF:/home/felipe/Jobs/apps/server-maestro/app/profile/config/auth_forgot_config.js
FNF:0
FNH:0
DA:3,1
DA:5,1
LF:2
LH:2
BRDA:7,1,0,1
BRDA:7,1,1,0
BRF:2
BRH:1
end_of_record
TN:
SF:/home/felipe/Jobs/apps/server-maestro/app/profile/services/libs/decodePassForgot.js
FN:10,(anonymous_1)
FNF:1
FNH:0
FNDA:0,(anonymous_1)
DA:3,1
DA:4,1
DA:6,1
DA:8,1
DA:10,1
DA:12,0
DA:14,0
DA:16,0
DA:18,0
DA:19,0
DA:21,0
DA:24,0
DA:25,0
DA:27,0
DA:30,0
LF:15
LH:5
BRDA:18,1,0,0
BRDA:18,1,1,0
BRF:2
BRH:0
end_of_record
TN:
SF:/home/felipe/Jobs/apps/server-maestro/app/core/services/MailerService.js
FN:7,(anonymous_1)
FN:12,(anonymous_2)
FNF:2
FNH:2
FNDA:1,(anonymous_1)
FNDA:1,(anonymous_2)
DA:3,1
DA:8,1
DA:14,1
DA:16,1
DA:17,0
DA:19,0
DA:27,1
LF:7
LH:5
BRF:0
BRH:0
end_of_record
TN:
SF:/home/felipe/Jobs/apps/server-maestro/app/core/repositories/smtp/mailerConnector.js
FN:8,(anonymous_1)
FN:18,(anonymous_2)
FN:39,(anonymous_3)
FNF:3
FNH:2
FNDA:1,(anonymous_1)
FNDA:1,(anonymous_2)
FNDA:0,(anonymous_3)
DA:3,1
DA:9,1
DA:11,1
DA:14,1
DA:19,1
DA:20,1
DA:23,0
DA:25,0
DA:28,0
DA:29,0
DA:32,0
DA:41,0
DA:54,1
DA:55,1
DA:57,1
LF:15
LH:9
BRDA:19,1,0,1
BRDA:19,1,1,0
BRDA:28,2,0,0
BRDA:28,2,1,0
BRF:4
BRH:1
end_of_record
TN:
SF:/home/felipe/Jobs/apps/server-maestro/app/core/repositories/smtp/factoryMailer.js
FN:8,(anonymous_1)
FN:16,(anonymous_2)
FN:54,(anonymous_3)
FNF:3
FNH:3
FNDA:1,(anonymous_1)
FNDA:1,(anonymous_2)
FNDA:1,(anonymous_3)
DA:3,1
DA:4,1
DA:9,1
DA:11,1
DA:12,1
DA:13,1
DA:18,1
DA:24,1
DA:25,0
DA:35,1
DA:37,1
DA:38,1
DA:40,1
DA:42,1
DA:43,1
DA:44,0
DA:45,0
DA:47,1
DA:55,1
DA:60,1
LF:20
LH:17
BRDA:24,1,0,0
BRDA:24,1,1,1
BRDA:43,2,0,0
BRDA:43,2,1,1
BRF:4
BRH:2
end_of_record
TN:
SF:/home/felipe/Jobs/apps/server-maestro/app/core/routers/index.js
FN:4,(anonymous_1)
FN:6,(anonymous_2)
FNF:2
FNH:2
FNDA:8,(anonymous_1)
FNDA:1,(anonymous_2)
DA:4,1
DA:6,8
DA:7,1
LF:3
LH:3
BRF:0
BRH:0
end_of_record
TN:
SF:/home/felipe/Jobs/apps/server-maestro/app/applications/routers/applications.js
FN:9,(anonymous_1)
FNF:1
FNH:1
FNDA:8,(anonymous_1)
DA:3,1
DA:5,1
DA:6,1
DA:7,1
DA:9,1
DA:11,8
LF:6
LH:6
BRF:0
BRH:0
end_of_record
TN:
SF:/home/felipe/Jobs/apps/server-maestro/app/applications/entities/Application.js
FNF:0
FNH:0
DA:3,1
LF:1
LH:1
BRF:0
BRH:0
end_of_record
TN:
SF:/home/felipe/Jobs/apps/server-maestro/app/applications/validators/index.js
FNF:0
FNH:0
DA:3,1
DA:5,1
DA:12,1
LF:3
LH:3
BRF:0
BRH:0
end_of_record
TN:
SF:/home/felipe/Jobs/apps/server-maestro/app/applications/routers/index.js
FN:13,(anonymous_1)
FNF:1
FNH:1
FNDA:8,(anonymous_1)
DA:3,1
DA:5,1
DA:6,1
DA:8,1
DA:10,1
DA:11,1
DA:13,1
DA:15,8
LF:8
LH:8
BRF:0
BRH:0
end_of_record
TN:
SF:/home/felipe/Jobs/apps/server-maestro/app/teams/entities/Teams.js
FNF:0
FNH:0
DA:3,1
LF:1
LH:1
BRF:0
BRH:0
end_of_record
TN:
SF:/home/felipe/Jobs/apps/server-maestro/app/teams/validators/index.js
FNF:0
FNH:0
DA:3,1
DA:5,1
DA:14,1
LF:3
LH:3
BRF:0
BRH:0
end_of_record
TN:
SF:/home/felipe/Jobs/apps/server-maestro/app/core/applications/wrapperPersistenceApplication.js
FN:17,(anonymous_1)
FN:34,(anonymous_2)
FN:52,(anonymous_3)
FN:71,(anonymous_4)
FN:89,(anonymous_5)
FNF:5
FNH:5
FNDA:15,(anonymous_1)
FNDA:15,(anonymous_2)
FNDA:9,(anonymous_3)
FNDA:12,(anonymous_4)
FNDA:6,(anonymous_5)
DA:3,1
DA:4,1
DA:6,1
DA:7,1
DA:9,1
DA:12,3
DA:14,123
DA:16,123
DA:18,15
DA:20,15
DA:24,15
DA:25,15
DA:27,15
DA:30,0
DA:35,15
DA:37,15
DA:41,15
DA:42,15
DA:43,15
DA:45,15
DA:48,0
DA:53,9
DA:55,9
DA:59,9
DA:60,9
DA:61,9
DA:62,9
DA:64,9
DA:67,0
DA:72,12
DA:74,12
DA:78,12
DA:79,12
DA:80,12
DA:82,12
DA:85,0
DA:90,6
DA:92,6
DA:96,6
DA:97,6
DA:98,6
DA:99,6
DA:101,6
DA:104,0
DA:112,1
LF:45
LH:40
BRF:0
BRH:0
end_of_record
TN:
SF:/home/felipe/Jobs/apps/server-maestro/app/core/applications/validator/validAccessEmpty.js
FN:6,(anonymous_1)
FNF:1
FNH:1
FNDA:59,(anonymous_1)
DA:3,1
DA:4,1
DA:6,1
DA:8,59
DA:10,59
DA:11,1
DA:13,58
LF:7
LH:7
BRDA:10,1,0,1
BRDA:10,1,1,58
BRF:2
BRH:2
end_of_record
TN:
SF:/home/felipe/Jobs/apps/server-maestro/app/teams/routers/teams.js
FN:12,(anonymous_1)
FNF:1
FNH:1
FNDA:8,(anonymous_1)
DA:3,1
DA:6,1
DA:7,1
DA:8,1
DA:10,1
DA:12,1
DA:35,8
LF:7
LH:7
BRF:0
BRH:0
end_of_record
TN:
SF:/home/felipe/Jobs/apps/server-maestro/app/projects/routers/index.js
FN:13,(anonymous_1)
FNF:1
FNH:1
FNDA:8,(anonymous_1)
DA:3,1
DA:5,1
DA:6,1
DA:8,1
DA:10,1
DA:11,1
DA:13,1
DA:15,8
LF:8
LH:8
BRF:0
BRH:0
end_of_record
TN:
SF:/home/felipe/Jobs/apps/server-maestro/app/projects/entities/Project.js
FNF:0
FNH:0
DA:3,1
LF:1
LH:1
BRF:0
BRH:0
end_of_record
TN:
SF:/home/felipe/Jobs/apps/server-maestro/app/projects/validators/index.js
FNF:0
FNH:0
DA:3,1
DA:5,1
DA:12,1
LF:3
LH:3
BRF:0
BRH:0
end_of_record
TN:
SF:/home/felipe/Jobs/apps/server-maestro/app/projects/routers/projects.js
FN:10,(anonymous_1)
FNF:1
FNH:1
FNDA:8,(anonymous_1)
DA:3,1
DA:5,1
DA:6,1
DA:7,1
DA:10,1
DA:12,8
LF:6
LH:6
BRF:0
BRH:0
end_of_record
TN:
SF:/home/felipe/Jobs/apps/server-maestro/app/architectures/routers/architectures.js
FN:10,(anonymous_1)
FNF:1
FNH:1
FNDA:8,(anonymous_1)
DA:3,1
DA:5,1
DA:6,1
DA:7,1
DA:10,1
DA:12,8
LF:6
LH:6
BRF:0
BRH:0
end_of_record
TN:
SF:/home/felipe/Jobs/apps/server-maestro/app/architectures/entities/Architecture.js
FNF:0
FNH:0
DA:3,1
LF:1
LH:1
BRF:0
BRH:0
end_of_record
TN:
SF:/home/felipe/Jobs/apps/server-maestro/app/architectures/validators/index.js
FNF:0
FNH:0
DA:3,1
DA:5,1
DA:12,1
LF:3
LH:3
BRF:0
BRH:0
end_of_record
TN:
SF:/home/felipe/Jobs/apps/server-maestro/app/architectures/routers/index.js
FN:13,(anonymous_1)
FNF:1
FNH:1
FNDA:8,(anonymous_1)
DA:3,1
DA:5,1
DA:6,1
DA:8,1
DA:10,1
DA:11,1
DA:13,1
DA:15,8
LF:8
LH:8
BRF:0
BRH:0
end_of_record
TN:
SF:/home/felipe/Jobs/apps/server-maestro/app/core/middlewares/404.js
FN:3,(anonymous_1)
FN:4,(anonymous_2)
FNF:2
FNH:1
FNDA:8,(anonymous_1)
FNDA:0,(anonymous_2)
DA:3,1
DA:4,8
DA:5,0
LF:3
LH:2
BRF:0
BRH:0
end_of_record
TN:
SF:/home/felipe/Jobs/apps/server-maestro/app/core/middlewares/validatorResponse.js
FN:3,(anonymous_1)
FN:4,(anonymous_2)
FNF:2
FNH:2
FNDA:8,(anonymous_1)
FNDA:32,(anonymous_2)
DA:3,1
DA:4,8
DA:6,32
DA:7,22
DA:8,22
DA:10,32
LF:6
LH:6
BRDA:6,1,0,22
BRDA:6,1,1,10
BRF:2
BRH:2
end_of_record
TN:
SF:/home/felipe/Jobs/apps/server-maestro/app/core/middlewares/permissionResponse.js
FN:3,(anonymous_1)
FN:4,(anonymous_2)
FNF:2
FNH:2
FNDA:8,(anonymous_1)
FNDA:10,(anonymous_2)
DA:3,1
DA:4,8
DA:6,10
DA:7,7
DA:8,7
DA:10,10
LF:6
LH:6
BRDA:6,1,0,7
BRDA:6,1,1,3
BRF:2
BRH:2
end_of_record
TN:
SF:/home/felipe/Jobs/apps/server-maestro/app/core/middlewares/conflicResponse.js
FN:3,(anonymous_1)
FN:4,(anonymous_2)
FNF:2
FNH:2
FNDA:8,(anonymous_1)
FNDA:3,(anonymous_2)
DA:3,1
DA:4,8
DA:5,3
DA:6,2
DA:7,2
DA:9,3
LF:6
LH:6
BRDA:5,1,0,2
BRDA:5,1,1,1
BRF:2
BRH:2
end_of_record
TN:
SF:/home/felipe/Jobs/apps/server-maestro/app/core/middlewares/errorCatcher.js
FN:3,(anonymous_1)
FN:4,(anonymous_2)
FNF:2
FNH:2
FNDA:8,(anonymous_1)
FNDA:31,(anonymous_2)
DA:3,1
DA:4,8
DA:5,31
LF:3
LH:3
BRF:0
BRH:0
end_of_record
